lilas.Main
| lilas.awt.BoutonListeScripts
| | lilas.base.ExceptionLilas
| | | lilas.Parameter
| | | | lilas.awt.tree.MainFrame
| | | | | lilas.base.InternationalMessage
| | | | | vu 5 lignes
| | | | | lilas.base.Port
| | | | | | lilas.base.Sensibility
| | | | | | vu 110 lignes
| | | | | vu 136 lignes
| | | | | lilas.util.LilasPath
| | | | | | lilas.xml.DefModule
| | | | | | | lilas.awt.Assembleur
| | | | | | | | lilas.xml.DocumentXML
| | | | | | | | vu 634 lignes
| | | | | | | vu 13 lignes
| | | | | | | lilas.awt.ImageSVG
| | | | | | | | lilas.base.Module
| | | | | | | | | lilas.awt.CmdDisplay
| | | | | | | | | | lilas.awt.treetable.EditorValue
| | | | | | | | | | | lilas.awt.MemoryDisplay
| | | | | | | | | | | | lilas.base.ModuleExternalEvent
| | | | | | | | | | | | vu 69 lignes
| | | | | | | | | | | | lilas.base.Signal
| | | | | | | | | | | | | lilas.awt.treetable.EditorHistoricStandard
| | | | | | | | | | | | | | lilas.awt.DisplayScrollBar
| | | | | | | | | | | | | | | lilas.base.SystemL
| | | | | | | | | | | | | | | | lilas.util.Chronometer
| | | | | | | | | | | | | | | | vu 147 lignes
| | | | | | | | | | | | | | | vu 478 lignes
| | | | | | | | | | | | | | | lilas.base.DateListener
| | | | | | | | | | | | | | | vu 5 lignes
| | | | | | | | | | | | | | | lilas.util.VectorError
| | | | | | | | | | | | | | | | lilas.xml.DefXML
| | | | | | | | | | | | | | | | | lilas.awt.MemoryDisplayable
| | | | | | | | | | | | | | | | | vu 33 lignes
| | | | | | | | | | | | | | | | | lilas.base.ArrayLilas
| | | | | | | | | | | | | | | | | | lilas.awt.MemoryModel
| | | | | | | | | | | | | | | | | | | lilas.awt.treetable.MemoryTableModel
| | | | | | | | | | | | | | | | | | | vu 104 lignes
| | | | | | | | | | | | | | | | | | | lilas.base.SignalListener
| | | | | | | | | | | | | | | | | | | vu 5 lignes
| | | | | | | | | | | | | | | | | | vu 114 lignes
| | | | | | | | | | | | | | | | | | lilas.awt.ModifiedStatusListener
| | | | | | | | | | | | | | | | | | vu 5 lignes
| | | | | | | | | | | | | | | | | | lilas.xml.DefSignal
| | | | | | | | | | | | | | | | | | | lilas.edit.Plot
| | | | | | | | | | | | | | | | | | | | lilas.xml.DefModuleCall
| | | | | | | | | | | | | | | | | | | | | lilas.edit.Editeur
| | | | | | | | | | | | | | | | | | | | | | lilas.awt.tree.JDialogResourceTree
| | | | | | | | | | | | | | | | | | | | | | vu 99 lignes
| | | | | | | | | | | | | | | | | | | | | vu 396 lignes
| | | | | | | | | | | | | | | | | | | | | lilas.edit.ListeSignaux
| | | | | | | | | | | | | | | | | | | | | vu 40 lignes
| | | | | | | | | | | | | | | | | | | | | lilas.edit.ModuleImageSVG
| | | | | | | | | | | | | | | | | | | | | vu 458 lignes
| | | | | | | | | | | | | | | | | | | | | lilas.edit.ModuleSVG
| | | | | | | | | | | | | | | | | | | | | | lilas.awt.ElementSVG
| | | | | | | | | | | | | | | | | | | | | | | lilas.type.StdLogic
| | | | | | | | | | | | | | | | | | | | | | | vu 1136 lignes
| | | | | | | | | | | | | | | | | | | | | | | lilas.base.EventLilas
| | | | | | | | | | | | | | | | | | | | | | | vu 27 lignes
| | | | | | | | | | | | | | | | | | | | | | vu 670 lignes
| | | | | | | | | | | | | | | | | | | | | vu 2278 lignes
| | | | | | | | | | | | | | | | | | | | | lilas.util.HistoricValue
| | | | | | | | | | | | | | | | | | | | | | lilas.awt.TypeDrawStandard
| | | | | | | | | | | | | | | | | | | | | | | lilas.util.DatedObject
| | | | | | | | | | | | | | | | | | | | | | | vu 11 lignes
| | | | | | | | | | | | | | | | | | | | | | | ETOILE lilas.type.*
| | | | | | | | | | | | | | | | | | | | | | vu 92 lignes
| | | | | | | | | | | | | | | | | | | | | vu 98 lignes
| | | | | | | | | | | | | | | | | | | | vu 296 lignes
| | | | | | | | | | | | | | | | | | | vu 187 lignes
| | | | | | | | | | | | | | | | | | vu 602 lignes
| | | | | | | | | | | | | | | | | | lilas.type.ArrayStdLogic
| | | | | | | | | | | | | | | | | | vu 54 lignes
| | | | | | | | | | | | | | | | | vu 469 lignes
| | | | | | | | | | | | | | | | vu 622 lignes
| | | | | | | | | | | | | | | vu 82 lignes
| | | | | | | | | | | | | | | lilas.xml.DefAWT
| | | | | | | | | | | | | | | | lilas.awt.Panel
| | | | | | | | | | | | | | | | | lilas.awt.TabChangeListener
| | | | | | | | | | | | | | | | | vu 26 lignes
| | | | | | | | | | | | | | | | vu 192 lignes
| | | | | | | | | | | | | | | vu 409 lignes
| | | | | | | | | | | | | | vu 99 lignes
| | | | | | | | | | | | | | lilas.awt.TypeDrawBoolean
| | | | | | | | | | | | | | vu 68 lignes
| | | | | | | | | | | | | | lilas.awt.TypeDrawCharge
| | | | | | | | | | | | | | vu 73 lignes
| | | | | | | | | | | | | | lilas.awt.TypeDrawStdLogic
| | | | | | | | | | | | | | vu 99 lignes
| | | | | | | | | | | | | vu 137 lignes
| | | | | | | | | | | | | lilas.awt.treetable.EditorStandard
| | | | | | | | | | | | | | lilas.awt.CustomPopupMenu
| | | | | | | | | | | | | | vu 73 lignes
| | | | | | | | | | | | | vu 204 lignes
| | | | | | | | | | | | | lilas.awt.treetable.EditorStdLogic
| | | | | | | | | | | | | vu 157 lignes
| | | | | | | | | | | | | lilas.awt.treetable.RendererHistoricStandard
| | | | | | | | | | | | | | lilas.awt.Display
| | | | | | | | | | | | | | | lilas.awt.treetable.JTreeTable
| | | | | | | | | | | | | | | | lilas.util.DatedObjectsList
| | | | | | | | | | | | | | | | vu 186 lignes
| | | | | | | | | | | | | | | vu 353 lignes
| | | | | | | | | | | | | | vu 405 lignes
| | | | | | | | | | | | | vu 71 lignes
| | | | | | | | | | | | | lilas.awt.treetable.RendererStandard
| | | | | | | | | | | | | vu 100 lignes
| | | | | | | | | | | | | lilas.awt.treetable.RendererStdLogic
| | | | | | | | | | | | | vu 64 lignes
| | | | | | | | | | | | | lilas.awt.treetable.SignalEditorRenderer
| | | | | | | | | | | | | | lilas.base.ValModuleStatus
| | | | | | | | | | | | | | vu 64 lignes
| | | | | | | | | | | | | vu 245 lignes
| | | | | | | | | | | | vu 485 lignes
| | | | | | | | | | | | lilas.awt.treetable.MemoryTableEditorRenderer
| | | | | | | | | | | | | lilas.awt.CustomDialog
| | | | | | | | | | | | | vu 138 lignes
| | | | | | | | | | | | vu 87 lignes
| | | | | | | | | | | vu 185 lignes
| | | | | | | | | | vu 22 lignes
| | | | | | | | | vu 305 lignes
| | | | | | | | | lilas.awt.treetable.TreeNode
| | | | | | | | | vu 188 lignes
| | | | | | | | | lilas.util.SnapShotSVG
| | | | | | | | | vu 56 lignes
| | | | | | | | vu 1660 lignes
| | | | | | | | lilas.xml.DefSvgElement
| | | | | | | | vu 171 lignes
| | | | | | | vu 384 lignes
| | | | | | | lilas.util.Cleaner
| | | | | | | vu 179 lignes
| | | | | | | lilas.util.compiler.CompilateurJavaDynamique
| | | | | | | vu 113 lignes
| | | | | | | lilas.util.compiler.DynamicJavaSourceCodeObject
| | | | | | | vu 81 lignes
| | | | | | | lilas.logic.Compilateur
| | | | | | | | lilas.logic.parser.ParseException
| | | | | | | | vu 187 lignes
| | | | | | | | lilas.logic.parser.Parser
| | | | | | | | vu 2581 lignes
| | | | | | | | lilas.logic.parser.SimpleNode
| | | | | | | | vu 79 lignes
| | | | | | | | lilas.logic.parser.Token
| | | | | | | | vu 131 lignes
| | | | | | | | lilas.logic.parser.TokenMgrError
| | | | | | | | vu 147 lignes
| | | | | | | | lilas.xml.DefCode
| | | | | | | | | lilas.logic.CompilateurToJava
| | | | | | | | | | lilas.logic.CompilateurToVHDL
| | | | | | | | | | vu 993 lignes
| | | | | | | | | vu 464 lignes
| | | | | | | | | lilas.cmm.Compilateur
| | | | | | | | | | lilas.cmm.parser.ParseException
| | | | | | | | | | vu 187 lignes
| | | | | | | | | | lilas.cmm.parser.Parser
| | | | | | | | | | vu 5595 lignes
| | | | | | | | | | lilas.cmm.parser.SimpleNode
| | | | | | | | | | vu 79 lignes
| | | | | | | | | | lilas.cmm.parser.Token
| | | | | | | | | | vu 131 lignes
| | | | | | | | | | lilas.cmm.parser.TokenMgrError
| | | | | | | | | | vu 147 lignes
| | | | | | | | | | lilas.xml.DefCodeCompilateur
| | | | | | | | | | vu 23 lignes
| | | | | | | | | vu 816 lignes
| | | | | | | | vu 211 lignes
| | | | | | | vu 1964 lignes
| | | | | | | lilas.base.Coroutine
| | | | | | | vu 5 lignes
| | | | | | | NOT FOUND lilas.base.Value (/home/jln/LILASV4/src/lilas/base/Value.java)
| | | | | | | ERR line 3314 in lilas.xml.DefModule
ERR : lilas.base.Value index -2
| | | | | | vu 4602 lignes
| | | | | vu 413 lignes
| | | | vu 319 lignes
| | | | lilas.util.LogFormatter
| | | | vu 94 lignes
| | | vu 691 lignes
| | | lilas.xml.LocationData
| | | vu 90 lignes
| | vu 147 lignes
| vu 103 lignes
| lilas.awt.Fenetre
| vu 58 lignes
| lilas.awt.treetable.LilasSystemModel
| vu 102 lignes
| lilas.util.FenetreHTML
| vu 73 lignes
| lilas.util.JarBib
| | lilas.xml.LilasTo
| | vu 331 lignes
| vu 295 lignes
| lilas.awt.BoutonSnapshot
| vu 75 lignes
| lilas.awt.BoutonPasAPas
| vu 120 lignes
| lilas.edit.Main
| vu 197 lignes
vu 1443 lignes
RANKS :
  0 : 20 nodes
  1 : 0 nodes
java et javax : 210 elements
org : 60 elements
external : 2 elements
ililenum : 6 elements
  lilas.Main.MSG -> 2
  lilas.base.Port.Mode -> 12
  lilas.base.Port.Propagate -> 1
  lilas.base.ValModuleStatus.Status -> 1
  lilas.edit.Plot.Position -> 5
  lilas.type.StdLogic.ValeurBit -> 3
inconnu : 6 elements
  com.sun.org.apache.xpath.internal.axes.HasPositionalPredChecker -> 1
  com.sun.org.apache.xpath.internal.functions.FunctionDef1Arg -> 1
  jni.JniException -> 1
  jni.ResString -> 1
  lvm.LVM -> 1
  lvm.SignalColor -> 1
lilas : 100 elements
  lilas.Main R1000,
    refered by 55 classes :
      lilas.awt.BoutonListeScripts
      lilas.Parameter
      lilas.awt.tree.MainFrame
      lilas.base.Port
      lilas.util.LilasPath
      lilas.xml.DefModule
      lilas.xml.DocumentXML
      lilas.awt.ImageSVG
      lilas.base.Module
      lilas.awt.CmdDisplay
      lilas.awt.MemoryDisplay
      lilas.base.ModuleExternalEvent
      lilas.base.Signal
      lilas.awt.treetable.EditorHistoricStandard
      lilas.awt.DisplayScrollBar
      lilas.base.SystemL
      lilas.xml.DefXML
      lilas.base.ArrayLilas
      lilas.awt.MemoryModel
      lilas.xml.DefSignal
      lilas.xml.DefModuleCall
      lilas.edit.Editeur
      lilas.awt.tree.JDialogResourceTree
      lilas.edit.ModuleSVG
      lilas.type.StdLogic
      lilas.base.EventLilas
      lilas.util.HistoricValue
      lilas.awt.TypeDrawStandard
      lilas.type.ArrayStdLogic
      lilas.xml.DefAWT
      lilas.awt.Panel
      lilas.awt.treetable.EditorStandard
      lilas.awt.treetable.EditorStdLogic
      lilas.awt.treetable.RendererHistoricStandard
      lilas.awt.treetable.JTreeTable
      lilas.util.DatedObjectsList
      lilas.awt.treetable.RendererStandard
      lilas.awt.treetable.RendererStdLogic
      lilas.awt.treetable.SignalEditorRenderer
      lilas.awt.treetable.MemoryTableEditorRenderer
      lilas.awt.CustomDialog
      lilas.awt.treetable.TreeNode
      lilas.util.compiler.CompilateurJavaDynamique
      lilas.util.compiler.DynamicJavaSourceCodeObject
      lilas.logic.Compilateur
      lilas.xml.DefCode
      lilas.logic.CompilateurToJava
      lilas.logic.CompilateurToVHDL
      lilas.cmm.Compilateur
      lilas.awt.Fenetre
      lilas.awt.treetable.LilasSystemModel
      lilas.util.FenetreHTML
      lilas.util.JarBib
      lilas.xml.LilasTo
      lilas.edit.Main
    refering  26 classes :
      lilas.awt.BoutonListeScripts
      lilas.base.ExceptionLilas
      lilas.Parameter
      lilas.awt.tree.MainFrame
      lilas.base.InternationalMessage R0,
      lilas.base.Port
      lilas.util.LilasPath
      lilas.xml.DefModule
      lilas.xml.DocumentXML
      lilas.awt.ImageSVG
      lilas.base.Module
      lilas.base.SystemL
      lilas.util.VectorError
      lilas.xml.DefSignal
      lilas.awt.treetable.JTreeTable
      lilas.util.Cleaner
      lilas.util.compiler.CompilateurJavaDynamique
      lilas.util.LogFormatter
      lilas.awt.Fenetre
      lilas.awt.treetable.LilasSystemModel
      lilas.util.FenetreHTML
      lilas.util.JarBib
      lilas.xml.LilasTo
      lilas.awt.BoutonSnapshot
      lilas.awt.BoutonPasAPas
      lilas.edit.Main
  lilas.Parameter R1000,
    refered by 45 classes :
      lilas.Main
      lilas.base.ExceptionLilas
      lilas.awt.tree.MainFrame
      lilas.base.Port
      lilas.util.LilasPath
      lilas.xml.DefModule
      lilas.xml.DocumentXML
      lilas.awt.ImageSVG
      lilas.base.Module
      lilas.base.ModuleExternalEvent
      lilas.base.Signal
      lilas.awt.treetable.EditorHistoricStandard
      lilas.base.SystemL
      lilas.util.Chronometer
      lilas.util.VectorError
      lilas.xml.DefXML
      lilas.base.ArrayLilas
      lilas.awt.MemoryModel
      lilas.xml.DefSignal
      lilas.edit.Editeur
      lilas.edit.ModuleSVG
      lilas.awt.ElementSVG
      lilas.type.StdLogic
      lilas.xml.DefAWT
      lilas.awt.treetable.EditorStandard
      lilas.awt.treetable.EditorStdLogic
      lilas.awt.treetable.JTreeTable
      lilas.util.SnapShotSVG
      lilas.xml.DefSvgElement
      lilas.util.Cleaner
      lilas.util.compiler.CompilateurJavaDynamique
      lilas.logic.Compilateur
      lilas.xml.DefCode
      lilas.logic.CompilateurToJava
      lilas.logic.CompilateurToVHDL
      lilas.cmm.Compilateur
      lilas.util.LogFormatter
      lilas.xml.LocationData
      lilas.awt.Fenetre
      lilas.util.FenetreHTML
      lilas.util.JarBib
      lilas.xml.LilasTo
      lilas.awt.BoutonSnapshot
      lilas.awt.BoutonPasAPas
      lilas.edit.Main
    refering  8 classes :
      lilas.Main
      lilas.base.ExceptionLilas
      lilas.awt.tree.MainFrame
      lilas.base.InternationalMessage R0,
      lilas.util.LilasPath
      lilas.xml.DocumentXML
      lilas.type.StdLogic
      lilas.util.LogFormatter
  lilas.awt.Assembleur R1000,
    refered by 3 classes :
      lilas.xml.DefModule
      lilas.base.ArrayLilas
      lilas.type.ArrayStdLogic
    refering  2 classes :
      lilas.base.ExceptionLilas
      lilas.xml.DocumentXML
  lilas.awt.BoutonListeScripts R1000,
    refered by 1 classes :
      lilas.Main
    refering  9 classes :
      lilas.Main
      lilas.base.ExceptionLilas
      lilas.xml.DefModule
      lilas.base.Module
      lilas.base.Signal
      lilas.util.VectorError
      lilas.base.SignalListener R0,
      lilas.util.HistoricValue
      lilas.xml.DefAWT
  lilas.awt.BoutonPasAPas R1000,
    refered by 1 classes :
      lilas.Main
    refering  12 classes :
      lilas.base.ExceptionLilas
      lilas.Parameter
      lilas.xml.DefModule
      lilas.base.Module
      lilas.base.Signal
      lilas.base.SystemL
      lilas.util.Chronometer
      lilas.util.VectorError
      lilas.base.SignalListener R0,
      lilas.util.HistoricValue
      lilas.xml.DefAWT
      lilas.util.SnapShotSVG
  lilas.awt.BoutonSnapshot R1000,
    refered by 1 classes :
      lilas.Main
    refering  12 classes :
      lilas.base.ExceptionLilas
      lilas.Parameter
      lilas.util.LilasPath
      lilas.xml.DefModule
      lilas.base.Module
      lilas.base.Signal
      lilas.base.SystemL
      lilas.util.VectorError
      lilas.base.SignalListener R0,
      lilas.util.HistoricValue
      lilas.xml.DefAWT
      lilas.util.SnapShotSVG
  lilas.awt.CmdDisplay R1000,
    refered by 9 classes :
      lilas.base.Module
      lilas.base.Signal
      lilas.awt.treetable.EditorHistoricStandard
      lilas.base.SystemL
      lilas.awt.treetable.RendererHistoricStandard
      lilas.awt.treetable.JTreeTable
      lilas.awt.treetable.SignalEditorRenderer
      lilas.awt.treetable.MemoryTableEditorRenderer
      lilas.awt.treetable.TreeNode
    refering  8 classes :
      lilas.Main
      lilas.base.ExceptionLilas
      lilas.awt.treetable.EditorValue
      lilas.base.ModuleExternalEvent
      lilas.base.Signal
      lilas.base.SystemL
      lilas.base.DateListener R0,
      lilas.xml.DefAWT
  lilas.awt.CustomDialog R1000,
    refered by 1 classes :
      lilas.awt.treetable.MemoryTableEditorRenderer
    refering  1 classes :
      lilas.Main
  lilas.awt.CustomPopupMenu R0,
    refered by 2 classes :
      lilas.awt.treetable.EditorStandard
      lilas.awt.treetable.TreeNode
    refering  0 classes :
  lilas.awt.Display R1000,
    refered by 2 classes :
      lilas.awt.treetable.RendererHistoricStandard
      lilas.awt.treetable.JTreeTable
    refering  13 classes :
      lilas.base.ExceptionLilas
      lilas.xml.DefModule
      lilas.base.Module
      lilas.base.Signal
      lilas.util.Chronometer
      lilas.util.VectorError
      lilas.base.SignalListener R0,
      lilas.type.StdLogic
      lilas.util.HistoricValue
      lilas.util.DatedObject
      lilas.xml.DefAWT
      lilas.awt.treetable.JTreeTable
      lilas.util.DatedObjectsList
  lilas.awt.DisplayScrollBar R1000,
    refered by 1 classes :
      lilas.awt.treetable.EditorHistoricStandard
    refering  8 classes :
      lilas.Main
      lilas.xml.DefModule
      lilas.awt.treetable.EditorValue
      lilas.base.Signal
      lilas.base.SystemL
      lilas.base.DateListener R0,
      lilas.util.VectorError
      lilas.xml.DefAWT
  lilas.awt.ElementSVG R1000,
    refered by 3 classes :
      lilas.xml.DefModule
      lilas.base.Module
      lilas.edit.ModuleSVG
    refering  9 classes :
      lilas.base.ExceptionLilas
      lilas.Parameter
      lilas.xml.DocumentXML
      lilas.base.Module
      lilas.base.ModuleExternalEvent
      lilas.base.Signal
      lilas.base.SignalListener R0,
      lilas.type.StdLogic
      lilas.base.EventLilas
  lilas.awt.Fenetre R1000,
    refered by 1 classes :
      lilas.Main
    refering  3 classes :
      lilas.Main
      lilas.Parameter
      lilas.base.SystemL
  lilas.awt.ImageSVG R1000,
    refered by 6 classes :
      lilas.Main
      lilas.xml.DefModule
      lilas.xml.DefModuleCall
      lilas.edit.Editeur
      lilas.edit.ModuleSVG
      lilas.edit.Main
    refering  12 classes :
      lilas.Main
      lilas.base.ExceptionLilas
      lilas.Parameter
      lilas.util.LilasPath
      lilas.xml.DefModule
      lilas.xml.DocumentXML
      lilas.base.Module
      lilas.base.Signal
      lilas.base.SystemL
      lilas.util.VectorError
      lilas.xml.DefAWT
      lilas.xml.DefSvgElement
  lilas.awt.MemoryDisplay R1000,
    refered by 1 classes :
      lilas.awt.treetable.EditorValue
    refering  14 classes :
      lilas.Main
      lilas.base.Sensibility R0,
      lilas.xml.DefModule
      lilas.base.Module
      lilas.base.ModuleExternalEvent
      lilas.base.Signal
      lilas.base.SystemL
      lilas.util.VectorError
      lilas.xml.DefXML
      lilas.base.SignalListener R0,
      lilas.xml.DefSignal
      lilas.xml.DefAWT
      lilas.awt.treetable.SignalEditorRenderer
      lilas.awt.treetable.MemoryTableEditorRenderer
  lilas.awt.MemoryDisplayable R1000,
    refered by 6 classes :
      lilas.base.Module
      lilas.xml.DefXML
      lilas.base.ArrayLilas
      lilas.type.ArrayStdLogic
      lilas.awt.treetable.RendererStandard
      lilas.awt.treetable.RendererStdLogic
    refering  2 classes :
      lilas.base.ExceptionLilas
      lilas.base.Module
  lilas.awt.MemoryModel R1000,
    refered by 3 classes :
      lilas.base.ArrayLilas
      lilas.awt.treetable.EditorStandard
      lilas.awt.treetable.EditorStdLogic
    refering  8 classes :
      lilas.Main
      lilas.base.ExceptionLilas
      lilas.Parameter
      lilas.base.ModuleExternalEvent
      lilas.base.Signal
      lilas.base.SystemL
      lilas.awt.treetable.MemoryTableModel R0,
      lilas.base.SignalListener R0,
  lilas.awt.ModifiedStatusListener R0,
    refered by 1 classes :
      lilas.base.ArrayLilas
    refering  0 classes :
  lilas.awt.Panel R1000,
    refered by 1 classes :
      lilas.xml.DefAWT
    refering  8 classes :
      lilas.Main
      lilas.base.ExceptionLilas
      lilas.xml.DefModule
      lilas.xml.DocumentXML
      lilas.util.VectorError
      lilas.xml.DefXML
      lilas.xml.DefAWT
      lilas.awt.TabChangeListener
  lilas.awt.TabChangeListener R1000,
    refered by 1 classes :
      lilas.awt.Panel
    refering  3 classes :
      lilas.base.Port
      lilas.base.ModuleExternalEvent
      lilas.base.Signal
  lilas.awt.TypeDrawBoolean R1000,
    refered by 3 classes :
      lilas.awt.treetable.EditorHistoricStandard
      lilas.awt.treetable.SignalEditorRenderer
      lilas.awt.treetable.TreeNode
    refering  1 classes :
      lilas.base.Signal
  lilas.awt.TypeDrawCharge R1000,
    refered by 3 classes :
      lilas.awt.treetable.EditorHistoricStandard
      lilas.awt.treetable.SignalEditorRenderer
      lilas.awt.treetable.TreeNode
    refering  1 classes :
      lilas.base.Signal
  lilas.awt.TypeDrawStandard R1000,
    refered by 6 classes :
      lilas.awt.treetable.EditorHistoricStandard
      lilas.util.HistoricValue
      lilas.util.DatedObject
      lilas.awt.treetable.RendererHistoricStandard
      lilas.awt.treetable.SignalEditorRenderer
      lilas.awt.treetable.TreeNode
    refering  5 classes :
      lilas.Main
      lilas.base.ExceptionLilas
      lilas.base.Signal
      lilas.util.HistoricValue
      lilas.util.DatedObject
  lilas.awt.TypeDrawStdLogic R1000,
    refered by 3 classes :
      lilas.awt.treetable.EditorHistoricStandard
      lilas.awt.treetable.SignalEditorRenderer
      lilas.awt.treetable.TreeNode
    refering  2 classes :
      lilas.base.Signal
      lilas.type.StdLogic
  lilas.awt.tree.JDialogResourceTree R1000,
    refered by 1 classes :
      lilas.edit.Editeur
    refering  1 classes :
      lilas.Main
  lilas.awt.tree.MainFrame R1000,
    refered by 4 classes :
      lilas.Main
      lilas.Parameter
      lilas.base.SystemL
      lilas.edit.Editeur
    refering  8 classes :
      lilas.Main
      lilas.base.ExceptionLilas
      lilas.Parameter
      lilas.base.InternationalMessage R0,
      lilas.base.Port
      lilas.util.LilasPath
      lilas.xml.DefModule
      lilas.xml.DefSignal
  lilas.awt.treetable.EditorHistoricStandard R1000,
    refered by 1 classes :
      lilas.base.Signal
    refering  12 classes :
      lilas.Main
      lilas.Parameter
      lilas.base.Module
      lilas.awt.CmdDisplay
      lilas.base.Signal
      lilas.awt.DisplayScrollBar
      lilas.base.SystemL
      lilas.type.StdLogic
      lilas.awt.TypeDrawStandard
      lilas.awt.TypeDrawBoolean
      lilas.awt.TypeDrawCharge
      lilas.awt.TypeDrawStdLogic
  lilas.awt.treetable.EditorStandard R1000,
    refered by 1 classes :
      lilas.base.Signal
    refering  9 classes :
      lilas.Main
      lilas.base.ExceptionLilas
      lilas.Parameter
      lilas.base.Module
      lilas.base.ModuleExternalEvent
      lilas.base.Signal
      lilas.awt.MemoryModel
      lilas.util.HistoricValue
      lilas.awt.CustomPopupMenu R0,
  lilas.awt.treetable.EditorStdLogic R1000,
    refered by 1 classes :
      lilas.base.Signal
    refering  8 classes :
      lilas.Main
      lilas.base.ExceptionLilas
      lilas.Parameter
      lilas.base.Module
      lilas.base.ModuleExternalEvent
      lilas.base.Signal
      lilas.awt.MemoryModel
      lilas.type.StdLogic
  lilas.awt.treetable.EditorValue R1000,
    refered by 3 classes :
      lilas.awt.CmdDisplay
      lilas.base.Signal
      lilas.awt.DisplayScrollBar
    refering  3 classes :
      lilas.base.Module
      lilas.awt.MemoryDisplay
      lilas.base.Signal
  lilas.awt.treetable.JTreeTable R1000,
    refered by 2 classes :
      lilas.Main
      lilas.awt.Display
    refering  12 classes :
      lilas.Main
      lilas.base.ExceptionLilas
      lilas.Parameter
      lilas.xml.DefModule
      lilas.base.Module
      lilas.awt.CmdDisplay
      lilas.base.Signal
      lilas.base.SystemL
      lilas.util.HistoricValue
      lilas.util.DatedObject
      lilas.awt.Display
      lilas.util.DatedObjectsList
  lilas.awt.treetable.LilasSystemModel R1000,
    refered by 1 classes :
      lilas.Main
    refering  4 classes :
      lilas.Main
      lilas.base.Module
      lilas.base.Signal
      lilas.base.SystemL
  lilas.awt.treetable.MemoryTableEditorRenderer R1000,
    refered by 1 classes :
      lilas.awt.MemoryDisplay
    refering  8 classes :
      lilas.Main
      lilas.base.Module
      lilas.awt.CmdDisplay
      lilas.base.Signal
      lilas.base.SystemL
      lilas.type.StdLogic
      lilas.awt.treetable.SignalEditorRenderer
      lilas.awt.CustomDialog
  lilas.awt.treetable.MemoryTableModel R0,
    refered by 1 classes :
      lilas.awt.MemoryModel
    refering  0 classes :
  lilas.awt.treetable.RendererHistoricStandard R1000,
    refered by 1 classes :
      lilas.base.Signal
    refering  8 classes :
      lilas.Main
      lilas.awt.CmdDisplay
      lilas.base.ModuleExternalEvent
      lilas.base.Signal
      lilas.base.SignalListener R0,
      lilas.util.HistoricValue
      lilas.awt.TypeDrawStandard
      lilas.awt.Display
  lilas.awt.treetable.RendererStandard R1000,
    refered by 1 classes :
      lilas.base.Signal
    refering  8 classes :
      lilas.Main
      lilas.base.ExceptionLilas
      lilas.base.ModuleExternalEvent
      lilas.base.Signal
      lilas.awt.MemoryDisplayable
      lilas.base.ArrayLilas
      lilas.base.SignalListener R0,
      lilas.util.HistoricValue
  lilas.awt.treetable.RendererStdLogic R1000,
    refered by 1 classes :
      lilas.base.Signal
    refering  8 classes :
      lilas.Main
      lilas.base.ExceptionLilas
      lilas.base.ModuleExternalEvent
      lilas.base.Signal
      lilas.awt.MemoryDisplayable
      lilas.base.SignalListener R0,
      lilas.type.StdLogic
      lilas.util.HistoricValue
  lilas.awt.treetable.SignalEditorRenderer R1000,
    refered by 3 classes :
      lilas.awt.MemoryDisplay
      lilas.base.Signal
      lilas.awt.treetable.MemoryTableEditorRenderer
    refering  11 classes :
      lilas.Main
      lilas.base.Module
      lilas.awt.CmdDisplay
      lilas.base.Signal
      lilas.base.SystemL
      lilas.type.StdLogic
      lilas.awt.TypeDrawStandard
      lilas.awt.TypeDrawBoolean
      lilas.awt.TypeDrawCharge
      lilas.awt.TypeDrawStdLogic
      lilas.base.ValModuleStatus R0,
  lilas.awt.treetable.TreeNode R1000,
    refered by 1 classes :
      lilas.base.Module
    refering  13 classes :
      lilas.Main
      lilas.base.ExceptionLilas
      lilas.base.Module
      lilas.awt.CmdDisplay
      lilas.base.Signal
      lilas.base.ArrayLilas
      lilas.type.StdLogic
      lilas.awt.TypeDrawStandard
      lilas.awt.TypeDrawBoolean
      lilas.awt.TypeDrawCharge
      lilas.awt.TypeDrawStdLogic
      lilas.awt.CustomPopupMenu R0,
      lilas.base.ValModuleStatus R0,
  lilas.base.ArrayLilas R1000,
    refered by 4 classes :
      lilas.xml.DefXML
      lilas.type.ArrayStdLogic
      lilas.awt.treetable.RendererStandard
      lilas.awt.treetable.TreeNode
    refering  11 classes :
      lilas.Main
      lilas.Parameter
      lilas.util.LilasPath
      lilas.awt.Assembleur
      lilas.xml.DocumentXML
      lilas.xml.DefXML
      lilas.awt.MemoryDisplayable
      lilas.awt.MemoryModel
      lilas.awt.ModifiedStatusListener R0,
      lilas.xml.DefSignal
      lilas.type.ArrayStdLogic
  lilas.base.Coroutine R0,
    refered by 1 classes :
      lilas.xml.DefModule
    refering  0 classes :
  lilas.base.DateListener R0,
    refered by 2 classes :
      lilas.awt.CmdDisplay
      lilas.awt.DisplayScrollBar
    refering  0 classes :
  lilas.base.EventLilas R1000,
    refered by 1 classes :
      lilas.awt.ElementSVG
    refering  1 classes :
      lilas.Main
  lilas.base.ExceptionLilas R1000,
    refered by 51 classes :
      lilas.Main
      lilas.awt.BoutonListeScripts
      lilas.Parameter
      lilas.awt.tree.MainFrame
      lilas.base.Port
      lilas.util.LilasPath
      lilas.xml.DefModule
      lilas.awt.Assembleur
      lilas.xml.DocumentXML
      lilas.awt.ImageSVG
      lilas.base.Module
      lilas.awt.CmdDisplay
      lilas.base.ModuleExternalEvent
      lilas.util.Chronometer
      lilas.util.VectorError
      lilas.xml.DefXML
      lilas.awt.MemoryDisplayable
      lilas.awt.MemoryModel
      lilas.xml.DefSignal
      lilas.xml.DefModuleCall
      lilas.edit.Editeur
      lilas.edit.ModuleSVG
      lilas.awt.ElementSVG
      lilas.type.StdLogic
      lilas.util.HistoricValue
      lilas.awt.TypeDrawStandard
      lilas.util.DatedObject
      lilas.type.ArrayStdLogic
      lilas.xml.DefAWT
      lilas.awt.Panel
      lilas.awt.treetable.EditorStandard
      lilas.awt.treetable.EditorStdLogic
      lilas.awt.Display
      lilas.awt.treetable.JTreeTable
      lilas.util.DatedObjectsList
      lilas.awt.treetable.RendererStandard
      lilas.awt.treetable.RendererStdLogic
      lilas.awt.treetable.TreeNode
      lilas.xml.DefSvgElement
      lilas.util.Cleaner
      lilas.logic.Compilateur
      lilas.xml.DefCode
      lilas.logic.CompilateurToJava
      lilas.logic.CompilateurToVHDL
      lilas.cmm.Compilateur
      lilas.xml.DefCodeCompilateur
      lilas.util.JarBib
      lilas.xml.LilasTo
      lilas.awt.BoutonSnapshot
      lilas.awt.BoutonPasAPas
      lilas.edit.Main
    refering  4 classes :
      lilas.Parameter
      lilas.xml.DefModule
      lilas.xml.DefXML
      lilas.xml.LocationData
  lilas.base.InternationalMessage R0,
    refered by 16 classes :
      lilas.Main
      lilas.Parameter
      lilas.awt.tree.MainFrame
      lilas.xml.DefModule
      lilas.xml.DocumentXML
      lilas.util.VectorError
      lilas.xml.DefXML
      lilas.xml.DefSignal
      lilas.xml.DefAWT
      lilas.xml.DefSvgElement
      lilas.logic.Compilateur
      lilas.xml.DefCode
      lilas.cmm.Compilateur
      lilas.util.LogFormatter
      lilas.xml.LocationData
      lilas.xml.LilasTo
    refering  0 classes :
  lilas.base.Module R1000,
    refered by 25 classes :
      lilas.Main
      lilas.awt.BoutonListeScripts
      lilas.xml.DefModule
      lilas.awt.ImageSVG
      lilas.awt.treetable.EditorValue
      lilas.awt.MemoryDisplay
      lilas.awt.treetable.EditorHistoricStandard
      lilas.awt.MemoryDisplayable
      lilas.xml.DefSignal
      lilas.xml.DefModuleCall
      lilas.awt.ElementSVG
      lilas.type.StdLogic
      lilas.util.HistoricValue
      lilas.awt.treetable.EditorStandard
      lilas.awt.treetable.EditorStdLogic
      lilas.awt.Display
      lilas.awt.treetable.JTreeTable
      lilas.awt.treetable.SignalEditorRenderer
      lilas.awt.treetable.MemoryTableEditorRenderer
      lilas.awt.treetable.TreeNode
      lilas.xml.DefSvgElement
      lilas.awt.treetable.LilasSystemModel
      lilas.xml.LilasTo
      lilas.awt.BoutonSnapshot
      lilas.awt.BoutonPasAPas
    refering  19 classes :
      lilas.Main
      lilas.base.ExceptionLilas
      lilas.Parameter
      lilas.base.Port
      lilas.base.Sensibility R0,
      lilas.util.LilasPath
      lilas.xml.DefModule
      lilas.xml.DocumentXML
      lilas.awt.CmdDisplay
      lilas.base.ModuleExternalEvent
      lilas.base.Signal
      lilas.util.Chronometer
      lilas.awt.MemoryDisplayable
      lilas.awt.ElementSVG
      lilas.type.StdLogic
      lilas.util.DatedObjectsList
      lilas.base.ValModuleStatus R0,
      lilas.awt.treetable.TreeNode
      lilas.util.SnapShotSVG
  lilas.base.ModuleExternalEvent R1000,
    refered by 12 classes :
      lilas.xml.DefModule
      lilas.base.Module
      lilas.awt.CmdDisplay
      lilas.awt.MemoryDisplay
      lilas.awt.MemoryModel
      lilas.awt.ElementSVG
      lilas.awt.TabChangeListener
      lilas.awt.treetable.EditorStandard
      lilas.awt.treetable.EditorStdLogic
      lilas.awt.treetable.RendererHistoricStandard
      lilas.awt.treetable.RendererStandard
      lilas.awt.treetable.RendererStdLogic
    refering  3 classes :
      lilas.Main
      lilas.base.ExceptionLilas
      lilas.Parameter
  lilas.base.Port R1000,
    refered by 13 classes :
      lilas.Main
      lilas.awt.tree.MainFrame
      lilas.xml.DefModule
      lilas.base.Module
      lilas.xml.DefXML
      lilas.xml.DefSignal
      lilas.xml.DefModuleCall
      lilas.edit.ModuleSVG
      lilas.type.StdLogic
      lilas.type.ArrayStdLogic
      lilas.awt.TabChangeListener
      lilas.logic.Compilateur
      lilas.cmm.Compilateur
    refering  4 classes :
      lilas.Main
      lilas.base.ExceptionLilas
      lilas.Parameter
      lilas.base.Sensibility R0,
  lilas.base.Sensibility R0,
    refered by 4 classes :
      lilas.base.Port
      lilas.xml.DefModule
      lilas.base.Module
      lilas.awt.MemoryDisplay
    refering  0 classes :
  lilas.base.Signal R1000,
    refered by 33 classes :
      lilas.awt.BoutonListeScripts
      lilas.xml.DefModule
      lilas.awt.ImageSVG
      lilas.base.Module
      lilas.awt.CmdDisplay
      lilas.awt.treetable.EditorValue
      lilas.awt.MemoryDisplay
      lilas.awt.treetable.EditorHistoricStandard
      lilas.awt.DisplayScrollBar
      lilas.awt.MemoryModel
      lilas.xml.DefSignal
      lilas.xml.DefModuleCall
      lilas.awt.ElementSVG
      lilas.type.StdLogic
      lilas.awt.TypeDrawStandard
      lilas.awt.TabChangeListener
      lilas.awt.TypeDrawBoolean
      lilas.awt.TypeDrawCharge
      lilas.awt.TypeDrawStdLogic
      lilas.awt.treetable.EditorStandard
      lilas.awt.treetable.EditorStdLogic
      lilas.awt.treetable.RendererHistoricStandard
      lilas.awt.Display
      lilas.awt.treetable.JTreeTable
      lilas.awt.treetable.RendererStandard
      lilas.awt.treetable.RendererStdLogic
      lilas.awt.treetable.SignalEditorRenderer
      lilas.awt.treetable.MemoryTableEditorRenderer
      lilas.awt.treetable.TreeNode
      lilas.xml.DefSvgElement
      lilas.awt.treetable.LilasSystemModel
      lilas.awt.BoutonSnapshot
      lilas.awt.BoutonPasAPas
    refering  14 classes :
      lilas.Main
      lilas.Parameter
      lilas.awt.CmdDisplay
      lilas.awt.treetable.EditorValue
      lilas.awt.treetable.EditorHistoricStandard
      lilas.type.StdLogic
      lilas.util.HistoricValue
      lilas.awt.treetable.EditorStandard
      lilas.awt.treetable.EditorStdLogic
      lilas.awt.treetable.RendererHistoricStandard
      lilas.util.DatedObjectsList
      lilas.awt.treetable.RendererStandard
      lilas.awt.treetable.RendererStdLogic
      lilas.awt.treetable.SignalEditorRenderer
  lilas.base.SignalListener R0,
    refered by 10 classes :
      lilas.awt.BoutonListeScripts
      lilas.awt.MemoryDisplay
      lilas.awt.MemoryModel
      lilas.awt.ElementSVG
      lilas.awt.treetable.RendererHistoricStandard
      lilas.awt.Display
      lilas.awt.treetable.RendererStandard
      lilas.awt.treetable.RendererStdLogic
      lilas.awt.BoutonSnapshot
      lilas.awt.BoutonPasAPas
    refering  0 classes :
  lilas.base.SystemL R1000,
    refered by 16 classes :
      lilas.Main
      lilas.xml.DefModule
      lilas.awt.ImageSVG
      lilas.awt.CmdDisplay
      lilas.awt.MemoryDisplay
      lilas.awt.treetable.EditorHistoricStandard
      lilas.awt.DisplayScrollBar
      lilas.awt.MemoryModel
      lilas.awt.treetable.JTreeTable
      lilas.awt.treetable.SignalEditorRenderer
      lilas.awt.treetable.MemoryTableEditorRenderer
      lilas.awt.Fenetre
      lilas.awt.treetable.LilasSystemModel
      lilas.util.FenetreHTML
      lilas.awt.BoutonSnapshot
      lilas.awt.BoutonPasAPas
    refering  5 classes :
      lilas.Main
      lilas.Parameter
      lilas.awt.tree.MainFrame
      lilas.awt.CmdDisplay
      lilas.util.Chronometer
  lilas.base.ValModuleStatus R0,
    refered by 3 classes :
      lilas.base.Module
      lilas.awt.treetable.SignalEditorRenderer
      lilas.awt.treetable.TreeNode
    refering  0 classes :
  lilas.base.Value -> -1 -> ERR
  lilas.cmm.Compilateur R1000,
    refered by 1 classes :
      lilas.xml.DefCode
    refering  18 classes :
      lilas.Main
      lilas.base.ExceptionLilas
      lilas.Parameter
      lilas.base.InternationalMessage R0,
      lilas.base.Port
      lilas.xml.DefModule
      lilas.xml.DocumentXML
      lilas.util.VectorError
      lilas.xml.DefSignal
      lilas.type.StdLogic
      lilas.logic.parser.ParseException R0,
      lilas.xml.DefCode
      lilas.cmm.parser.ParseException R0,
      lilas.cmm.parser.Parser R0,
      lilas.cmm.parser.SimpleNode R0,
      lilas.cmm.parser.Token R0,
      lilas.cmm.parser.TokenMgrError R0,
      lilas.xml.DefCodeCompilateur
  lilas.cmm.parser.ParseException R0,
    refered by 1 classes :
      lilas.cmm.Compilateur
    refering  0 classes :
  lilas.cmm.parser.Parser R0,
    refered by 1 classes :
      lilas.cmm.Compilateur
    refering  0 classes :
  lilas.cmm.parser.SimpleNode R0,
    refered by 1 classes :
      lilas.cmm.Compilateur
    refering  0 classes :
  lilas.cmm.parser.Token R0,
    refered by 1 classes :
      lilas.cmm.Compilateur
    refering  0 classes :
  lilas.cmm.parser.TokenMgrError R0,
    refered by 1 classes :
      lilas.cmm.Compilateur
    refering  0 classes :
  lilas.edit.Editeur R1000,
    refered by 2 classes :
      lilas.xml.DefModule
      lilas.xml.DefModuleCall
    refering  11 classes :
      lilas.Main
      lilas.base.ExceptionLilas
      lilas.Parameter
      lilas.awt.tree.MainFrame
      lilas.xml.DefModule
      lilas.xml.DocumentXML
      lilas.awt.ImageSVG
      lilas.util.VectorError
      lilas.xml.DefSignal
      lilas.xml.DefModuleCall
      lilas.awt.tree.JDialogResourceTree
  lilas.edit.ListeSignaux R0,
    refered by 1 classes :
      lilas.xml.DefModuleCall
    refering  0 classes :
  lilas.edit.Main R1000,
    refered by 1 classes :
      lilas.Main
    refering  7 classes :
      lilas.Main
      lilas.base.ExceptionLilas
      lilas.Parameter
      lilas.util.LilasPath
      lilas.xml.DefModule
      lilas.xml.DocumentXML
      lilas.awt.ImageSVG
  lilas.edit.ModuleImageSVG R1000,
    refered by 2 classes :
      lilas.xml.DefModule
      lilas.xml.DefModuleCall
    refering  3 classes :
      lilas.xml.DefModule
      lilas.xml.DefSignal
      lilas.edit.Plot
  lilas.edit.ModuleSVG R1000,
    refered by 2 classes :
      lilas.xml.DefModule
      lilas.xml.DefModuleCall
    refering  13 classes :
      lilas.Main
      lilas.base.ExceptionLilas
      lilas.Parameter
      lilas.base.Port
      lilas.xml.DefModule
      lilas.xml.DocumentXML
      lilas.awt.ImageSVG
      lilas.util.VectorError
      lilas.xml.DefXML
      lilas.xml.DefSignal
      lilas.edit.Plot
      lilas.xml.DefModuleCall
      lilas.awt.ElementSVG
  lilas.edit.Plot R1000,
    refered by 5 classes :
      lilas.xml.DefModule
      lilas.xml.DefSignal
      lilas.xml.DefModuleCall
      lilas.edit.ModuleImageSVG
      lilas.edit.ModuleSVG
    refering  3 classes :
      lilas.xml.DefModule
      lilas.xml.DefSignal
      lilas.xml.DefModuleCall
  lilas.logic.Compilateur R1000,
    refered by 2 classes :
      lilas.xml.DefModule
      lilas.xml.DefCode
    refering  17 classes :
      lilas.Main
      lilas.base.ExceptionLilas
      lilas.Parameter
      lilas.base.InternationalMessage R0,
      lilas.base.Port
      lilas.xml.DefModule
      lilas.xml.DocumentXML
      lilas.util.VectorError
      lilas.xml.DefSignal
      lilas.type.StdLogic
      lilas.logic.parser.ParseException R0,
      lilas.logic.parser.Parser R0,
      lilas.logic.parser.SimpleNode R0,
      lilas.logic.parser.Token R0,
      lilas.logic.parser.TokenMgrError R0,
      lilas.xml.DefCode
      lilas.xml.DefCodeCompilateur
  lilas.logic.CompilateurToJava R1000,
    refered by 1 classes :
      lilas.xml.DefCode
    refering  14 classes :
      lilas.Main
      lilas.base.ExceptionLilas
      lilas.Parameter
      lilas.xml.DefModule
      lilas.xml.DocumentXML
      lilas.xml.DefSignal
      lilas.type.StdLogic
      lilas.logic.parser.ParseException R0,
      lilas.logic.parser.Parser R0,
      lilas.logic.parser.SimpleNode R0,
      lilas.logic.parser.Token R0,
      lilas.logic.parser.TokenMgrError R0,
      lilas.xml.DefCode
      lilas.logic.CompilateurToVHDL
  lilas.logic.CompilateurToVHDL R1000,
    refered by 2 classes :
      lilas.xml.DefCode
      lilas.logic.CompilateurToJava
    refering  13 classes :
      lilas.Main
      lilas.base.ExceptionLilas
      lilas.Parameter
      lilas.xml.DefModule
      lilas.xml.DocumentXML
      lilas.xml.DefSignal
      lilas.type.StdLogic
      lilas.logic.parser.ParseException R0,
      lilas.logic.parser.Parser R0,
      lilas.logic.parser.SimpleNode R0,
      lilas.logic.parser.Token R0,
      lilas.logic.parser.TokenMgrError R0,
      lilas.xml.DefCode
  lilas.logic.parser.ParseException R0,
    refered by 6 classes :
      lilas.logic.Compilateur
      lilas.xml.DefCode
      lilas.logic.CompilateurToJava
      lilas.logic.CompilateurToVHDL
      lilas.cmm.Compilateur
      lilas.xml.DefCodeCompilateur
    refering  0 classes :
  lilas.logic.parser.Parser R0,
    refered by 3 classes :
      lilas.logic.Compilateur
      lilas.logic.CompilateurToJava
      lilas.logic.CompilateurToVHDL
    refering  0 classes :
  lilas.logic.parser.SimpleNode R0,
    refered by 3 classes :
      lilas.logic.Compilateur
      lilas.logic.CompilateurToJava
      lilas.logic.CompilateurToVHDL
    refering  0 classes :
  lilas.logic.parser.Token R0,
    refered by 3 classes :
      lilas.logic.Compilateur
      lilas.logic.CompilateurToJava
      lilas.logic.CompilateurToVHDL
    refering  0 classes :
  lilas.logic.parser.TokenMgrError R0,
    refered by 3 classes :
      lilas.logic.Compilateur
      lilas.logic.CompilateurToJava
      lilas.logic.CompilateurToVHDL
    refering  0 classes :
  lilas.type.ArrayStdLogic R1000,
    refered by 2 classes :
      lilas.xml.DefModule
      lilas.base.ArrayLilas
    refering  9 classes :
      lilas.Main
      lilas.base.ExceptionLilas
      lilas.base.Port
      lilas.awt.Assembleur
      lilas.xml.DefXML
      lilas.awt.MemoryDisplayable
      lilas.base.ArrayLilas
      lilas.xml.DefSignal
      lilas.type.StdLogic
  lilas.type.StdLogic R1000,
    refered by 23 classes :
      lilas.Parameter
      lilas.xml.DefModule
      lilas.base.Module
      lilas.base.Signal
      lilas.awt.treetable.EditorHistoricStandard
      lilas.xml.DefXML
      lilas.xml.DefSignal
      lilas.xml.DefModuleCall
      lilas.awt.ElementSVG
      lilas.type.ArrayStdLogic
      lilas.awt.TypeDrawStdLogic
      lilas.awt.treetable.EditorStdLogic
      lilas.awt.Display
      lilas.awt.treetable.RendererStdLogic
      lilas.awt.treetable.SignalEditorRenderer
      lilas.awt.treetable.MemoryTableEditorRenderer
      lilas.awt.treetable.TreeNode
      lilas.xml.DefSvgElement
      lilas.logic.Compilateur
      lilas.xml.DefCode
      lilas.logic.CompilateurToJava
      lilas.logic.CompilateurToVHDL
      lilas.cmm.Compilateur
    refering  10 classes :
      lilas.Main
      lilas.base.ExceptionLilas
      lilas.Parameter
      lilas.base.Port
      lilas.xml.DefModule
      lilas.base.Module
      lilas.base.Signal
      lilas.util.VectorError
      lilas.xml.DefXML
      lilas.xml.DefSignal
  lilas.util.Chronometer R1000,
    refered by 6 classes :
      lilas.xml.DefModule
      lilas.base.Module
      lilas.base.SystemL
      lilas.awt.Display
      lilas.xml.DefCode
      lilas.awt.BoutonPasAPas
    refering  2 classes :
      lilas.base.ExceptionLilas
      lilas.Parameter
  lilas.util.Cleaner R1000,
    refered by 2 classes :
      lilas.Main
      lilas.xml.DefModule
    refering  4 classes :
      lilas.base.ExceptionLilas
      lilas.Parameter
      lilas.xml.DefModule
      lilas.xml.DocumentXML
  lilas.util.DatedObject R1000,
    refered by 3 classes :
      lilas.awt.TypeDrawStandard
      lilas.awt.Display
      lilas.awt.treetable.JTreeTable
    refering  2 classes :
      lilas.base.ExceptionLilas
      lilas.awt.TypeDrawStandard
  lilas.util.DatedObjectsList R1000,
    refered by 4 classes :
      lilas.base.Module
      lilas.base.Signal
      lilas.awt.Display
      lilas.awt.treetable.JTreeTable
    refering  2 classes :
      lilas.Main
      lilas.base.ExceptionLilas
  lilas.util.FenetreHTML R1000,
    refered by 1 classes :
      lilas.Main
    refering  3 classes :
      lilas.Main
      lilas.Parameter
      lilas.base.SystemL
  lilas.util.HistoricValue R1000,
    refered by 14 classes :
      lilas.awt.BoutonListeScripts
      lilas.base.Signal
      lilas.xml.DefSignal
      lilas.xml.DefModuleCall
      lilas.awt.TypeDrawStandard
      lilas.awt.treetable.EditorStandard
      lilas.awt.treetable.RendererHistoricStandard
      lilas.awt.Display
      lilas.awt.treetable.JTreeTable
      lilas.awt.treetable.RendererStandard
      lilas.awt.treetable.RendererStdLogic
      lilas.xml.DefSvgElement
      lilas.awt.BoutonSnapshot
      lilas.awt.BoutonPasAPas
    refering  4 classes :
      lilas.Main
      lilas.base.ExceptionLilas
      lilas.base.Module
      lilas.awt.TypeDrawStandard
  lilas.util.JarBib R1000,
    refered by 1 classes :
      lilas.Main
    refering  6 classes :
      lilas.Main
      lilas.base.ExceptionLilas
      lilas.Parameter
      lilas.xml.DefModule
      lilas.util.compiler.CompilateurJavaDynamique
      lilas.xml.LilasTo
  lilas.util.LilasPath R1000,
    refered by 11 classes :
      lilas.Main
      lilas.Parameter
      lilas.awt.tree.MainFrame
      lilas.xml.DefModule
      lilas.xml.DocumentXML
      lilas.awt.ImageSVG
      lilas.base.Module
      lilas.base.ArrayLilas
      lilas.xml.LilasTo
      lilas.awt.BoutonSnapshot
      lilas.edit.Main
    refering  5 classes :
      lilas.Main
      lilas.base.ExceptionLilas
      lilas.Parameter
      lilas.xml.DefModule
      lilas.xml.DocumentXML
  lilas.util.LogFormatter R1000,
    refered by 2 classes :
      lilas.Main
      lilas.Parameter
    refering  2 classes :
      lilas.Parameter
      lilas.base.InternationalMessage R0,
  lilas.util.SnapShotSVG R1000,
    refered by 3 classes :
      lilas.base.Module
      lilas.awt.BoutonSnapshot
      lilas.awt.BoutonPasAPas
    refering  1 classes :
      lilas.Parameter
  lilas.util.VectorError R1000,
    refered by 23 classes :
      lilas.Main
      lilas.awt.BoutonListeScripts
      lilas.xml.DefModule
      lilas.awt.ImageSVG
      lilas.awt.MemoryDisplay
      lilas.awt.DisplayScrollBar
      lilas.xml.DefXML
      lilas.xml.DefSignal
      lilas.xml.DefModuleCall
      lilas.edit.Editeur
      lilas.edit.ModuleSVG
      lilas.type.StdLogic
      lilas.xml.DefAWT
      lilas.awt.Panel
      lilas.awt.Display
      lilas.xml.DefSvgElement
      lilas.logic.Compilateur
      lilas.xml.DefCode
      lilas.cmm.Compilateur
      lilas.xml.DefCodeCompilateur
      lilas.xml.LilasTo
      lilas.awt.BoutonSnapshot
      lilas.awt.BoutonPasAPas
    refering  6 classes :
      lilas.base.ExceptionLilas
      lilas.Parameter
      lilas.base.InternationalMessage R0,
      lilas.xml.DefModule
      lilas.xml.DocumentXML
      lilas.xml.DefXML
  lilas.util.compiler.CompilateurJavaDynamique R1000,
    refered by 3 classes :
      lilas.Main
      lilas.xml.DefModule
      lilas.util.JarBib
    refering  2 classes :
      lilas.Main
      lilas.Parameter
  lilas.util.compiler.DynamicJavaSourceCodeObject R1000,
    refered by 1 classes :
      lilas.xml.DefModule
    refering  1 classes :
      lilas.Main
  lilas.xml.DefAWT R1000,
    refered by 9 classes :
      lilas.awt.BoutonListeScripts
      lilas.awt.ImageSVG
      lilas.awt.CmdDisplay
      lilas.awt.MemoryDisplay
      lilas.awt.DisplayScrollBar
      lilas.awt.Panel
      lilas.awt.Display
      lilas.awt.BoutonSnapshot
      lilas.awt.BoutonPasAPas
    refering  6 classes :
      lilas.Main
      lilas.base.ExceptionLilas
      lilas.Parameter
      lilas.base.InternationalMessage R0,
      lilas.util.VectorError
      lilas.awt.Panel
  lilas.xml.DefCode R1000,
    refered by 4 classes :
      lilas.logic.Compilateur
      lilas.logic.CompilateurToJava
      lilas.logic.CompilateurToVHDL
      lilas.cmm.Compilateur
    refering  12 classes :
      lilas.Main
      lilas.base.ExceptionLilas
      lilas.Parameter
      lilas.base.InternationalMessage R0,
      lilas.util.Chronometer
      lilas.util.VectorError
      lilas.type.StdLogic
      lilas.logic.Compilateur
      lilas.logic.parser.ParseException R0,
      lilas.logic.CompilateurToJava
      lilas.logic.CompilateurToVHDL
      lilas.cmm.Compilateur
  lilas.xml.DefCodeCompilateur R1000,
    refered by 2 classes :
      lilas.logic.Compilateur
      lilas.cmm.Compilateur
    refering  3 classes :
      lilas.base.ExceptionLilas
      lilas.util.VectorError
      lilas.logic.parser.ParseException R0,
  lilas.xml.DefModule R1000,
    refered by 27 classes :
      lilas.Main
      lilas.awt.BoutonListeScripts
      lilas.base.ExceptionLilas
      lilas.awt.tree.MainFrame
      lilas.util.LilasPath
      lilas.awt.ImageSVG
      lilas.base.Module
      lilas.awt.MemoryDisplay
      lilas.awt.DisplayScrollBar
      lilas.util.VectorError
      lilas.edit.Plot
      lilas.edit.Editeur
      lilas.edit.ModuleImageSVG
      lilas.edit.ModuleSVG
      lilas.type.StdLogic
      lilas.awt.Panel
      lilas.awt.Display
      lilas.awt.treetable.JTreeTable
      lilas.util.Cleaner
      lilas.logic.Compilateur
      lilas.logic.CompilateurToJava
      lilas.logic.CompilateurToVHDL
      lilas.cmm.Compilateur
      lilas.util.JarBib
      lilas.awt.BoutonSnapshot
      lilas.awt.BoutonPasAPas
      lilas.edit.Main
    refering  27 classes :
      lilas.Main
      lilas.base.ExceptionLilas
      lilas.Parameter
      lilas.base.InternationalMessage R0,
      lilas.base.Port
      lilas.base.Sensibility R0,
      lilas.util.LilasPath
      lilas.awt.Assembleur
      lilas.awt.ImageSVG
      lilas.base.Module
      lilas.base.ModuleExternalEvent
      lilas.base.Signal
      lilas.base.SystemL
      lilas.util.Chronometer
      lilas.util.VectorError
      lilas.edit.Plot
      lilas.edit.Editeur
      lilas.edit.ModuleImageSVG
      lilas.edit.ModuleSVG
      lilas.awt.ElementSVG
      lilas.type.StdLogic
      lilas.type.ArrayStdLogic
      lilas.util.Cleaner
      lilas.util.compiler.CompilateurJavaDynamique
      lilas.util.compiler.DynamicJavaSourceCodeObject
      lilas.logic.Compilateur
      lilas.base.Coroutine R0,
  lilas.xml.DefModuleCall R1000,
    refered by 3 classes :
      lilas.edit.Plot
      lilas.edit.Editeur
      lilas.edit.ModuleSVG
    refering  14 classes :
      lilas.Main
      lilas.base.ExceptionLilas
      lilas.base.Port
      lilas.awt.ImageSVG
      lilas.base.Module
      lilas.base.Signal
      lilas.util.VectorError
      lilas.edit.Plot
      lilas.edit.Editeur
      lilas.edit.ListeSignaux R0,
      lilas.edit.ModuleImageSVG
      lilas.edit.ModuleSVG
      lilas.type.StdLogic
      lilas.util.HistoricValue
  lilas.xml.DefSignal R1000,
    refered by 14 classes :
      lilas.Main
      lilas.awt.tree.MainFrame
      lilas.awt.MemoryDisplay
      lilas.base.ArrayLilas
      lilas.edit.Plot
      lilas.edit.Editeur
      lilas.edit.ModuleImageSVG
      lilas.edit.ModuleSVG
      lilas.type.StdLogic
      lilas.type.ArrayStdLogic
      lilas.logic.Compilateur
      lilas.logic.CompilateurToJava
      lilas.logic.CompilateurToVHDL
      lilas.cmm.Compilateur
    refering  11 classes :
      lilas.Main
      lilas.base.ExceptionLilas
      lilas.Parameter
      lilas.base.InternationalMessage R0,
      lilas.base.Port
      lilas.base.Module
      lilas.base.Signal
      lilas.util.VectorError
      lilas.edit.Plot
      lilas.type.StdLogic
      lilas.util.HistoricValue
  lilas.xml.DefSvgElement R1000,
    refered by 1 classes :
      lilas.awt.ImageSVG
    refering  8 classes :
      lilas.base.ExceptionLilas
      lilas.Parameter
      lilas.base.InternationalMessage R0,
      lilas.base.Module
      lilas.base.Signal
      lilas.util.VectorError
      lilas.type.StdLogic
      lilas.util.HistoricValue
  lilas.xml.DefXML R1000,
    refered by 8 classes :
      lilas.base.ExceptionLilas
      lilas.awt.MemoryDisplay
      lilas.util.VectorError
      lilas.base.ArrayLilas
      lilas.edit.ModuleSVG
      lilas.type.StdLogic
      lilas.type.ArrayStdLogic
      lilas.awt.Panel
    refering  9 classes :
      lilas.Main
      lilas.base.ExceptionLilas
      lilas.Parameter
      lilas.base.InternationalMessage R0,
      lilas.base.Port
      lilas.util.VectorError
      lilas.awt.MemoryDisplayable
      lilas.base.ArrayLilas
      lilas.type.StdLogic
  lilas.xml.DocumentXML R1000,
    refered by 18 classes :
      lilas.Main
      lilas.Parameter
      lilas.util.LilasPath
      lilas.awt.Assembleur
      lilas.awt.ImageSVG
      lilas.base.Module
      lilas.util.VectorError
      lilas.base.ArrayLilas
      lilas.edit.Editeur
      lilas.edit.ModuleSVG
      lilas.awt.ElementSVG
      lilas.awt.Panel
      lilas.util.Cleaner
      lilas.logic.Compilateur
      lilas.logic.CompilateurToJava
      lilas.logic.CompilateurToVHDL
      lilas.cmm.Compilateur
      lilas.edit.Main
    refering  5 classes :
      lilas.Main
      lilas.base.ExceptionLilas
      lilas.Parameter
      lilas.base.InternationalMessage R0,
      lilas.util.LilasPath
  lilas.xml.LilasTo R1000,
    refered by 2 classes :
      lilas.Main
      lilas.util.JarBib
    refering  7 classes :
      lilas.Main
      lilas.base.ExceptionLilas
      lilas.Parameter
      lilas.base.InternationalMessage R0,
      lilas.util.LilasPath
      lilas.base.Module
      lilas.util.VectorError
  lilas.xml.LocationData R1000,
    refered by 1 classes :
      lilas.base.ExceptionLilas
    refering  2 classes :
      lilas.Parameter
      lilas.base.InternationalMessage R0,
# rank 0
javac -Xlint -sourcepath ./src -d ./bin -cp ./bin ./src/lilas/awt/CustomPopupMenu.java
javac -Xlint -sourcepath ./src -d ./bin -cp ./bin ./src/lilas/awt/ModifiedStatusListener.java
javac -Xlint -sourcepath ./src -d ./bin -cp ./bin ./src/lilas/awt/treetable/MemoryTableModel.java
javac -Xlint -sourcepath ./src -d ./bin -cp ./bin ./src/lilas/base/Coroutine.java
javac -Xlint -sourcepath ./src -d ./bin -cp ./bin ./src/lilas/base/DateListener.java
javac -Xlint -sourcepath ./src -d ./bin -cp ./bin ./src/lilas/base/InternationalMessage.java
javac -Xlint -sourcepath ./src -d ./bin -cp ./bin ./src/lilas/base/Sensibility.java
javac -Xlint -sourcepath ./src -d ./bin -cp ./bin ./src/lilas/base/SignalListener.java
javac -Xlint -sourcepath ./src -d ./bin -cp ./bin ./src/lilas/base/ValModuleStatus.java
javac -Xlint -sourcepath ./src -d ./bin -cp ./bin ./src/lilas/cmm/parser/ParseException.java
javac -Xlint -sourcepath ./src -d ./bin -cp ./bin ./src/lilas/cmm/parser/Parser.java
javac -Xlint -sourcepath ./src -d ./bin -cp ./bin ./src/lilas/cmm/parser/SimpleNode.java
javac -Xlint -sourcepath ./src -d ./bin -cp ./bin ./src/lilas/cmm/parser/Token.java
javac -Xlint -sourcepath ./src -d ./bin -cp ./bin ./src/lilas/cmm/parser/TokenMgrError.java
javac -Xlint -sourcepath ./src -d ./bin -cp ./bin ./src/lilas/edit/ListeSignaux.java
javac -Xlint -sourcepath ./src -d ./bin -cp ./bin ./src/lilas/logic/parser/ParseException.java
javac -Xlint -sourcepath ./src -d ./bin -cp ./bin ./src/lilas/logic/parser/Parser.java
javac -Xlint -sourcepath ./src -d ./bin -cp ./bin ./src/lilas/logic/parser/SimpleNode.java
javac -Xlint -sourcepath ./src -d ./bin -cp ./bin ./src/lilas/logic/parser/Token.java
javac -Xlint -sourcepath ./src -d ./bin -cp ./bin ./src/lilas/logic/parser/TokenMgrError.java
# rank 1
