lilas.Main
| lilas.awt.BoutonListeScripts
| | lilas.base.ExceptionLilas
| | | lilas.Parameter
| | | | lilas.awt.tree.MainFrame
| | | | | lilas.base.InternationalMessage
| | | | | vu 5 lignes
| | | | | lilas.base.Port
| | | | | | lilas.base.Sensibility
| | | | | | vu 110 lignes
| | | | | vu 136 lignes
| | | | | lilas.util.LilasPath
| | | | | | lilas.xml.DefModule
| | | | | | | lilas.awt.Assembleur
| | | | | | | | lilas.xml.DocumentXML
| | | | | | | | vu 634 lignes
| | | | | | | vu 13 lignes
| | | | | | | lilas.awt.ImageSVG
| | | | | | | | lilas.base.Module
| | | | | | | | | lilas.awt.CmdDisplay
| | | | | | | | | | lilas.awt.treetable.EditorValue
| | | | | | | | | | | lilas.awt.MemoryDisplay
| | | | | | | | | | | | lilas.base.ModuleExternalEvent
| | | | | | | | | | | | vu 69 lignes
| | | | | | | | | | | | lilas.base.Signal
| | | | | | | | | | | | | lilas.awt.treetable.EditorHistoricStandard
| | | | | | | | | | | | | | lilas.awt.DisplayScrollBar
| | | | | | | | | | | | | | | lilas.base.SystemL
| | | | | | | | | | | | | | | | lilas.util.Chronometer
| | | | | | | | | | | | | | | | vu 147 lignes
| | | | | | | | | | | | | | | vu 478 lignes
| | | | | | | | | | | | | | | lilas.base.DateListener
| | | | | | | | | | | | | | | vu 5 lignes
| | | | | | | | | | | | | | | lilas.util.VectorError
| | | | | | | | | | | | | | | | lilas.xml.DefXML
| | | | | | | | | | | | | | | | | lilas.awt.MemoryDisplayable
| | | | | | | | | | | | | | | | | vu 33 lignes
| | | | | | | | | | | | | | | | | lilas.base.ArrayLilas
| | | | | | | | | | | | | | | | | | lilas.awt.MemoryModel
| | | | | | | | | | | | | | | | | | | lilas.awt.treetable.MemoryTableModel
| | | | | | | | | | | | | | | | | | | vu 104 lignes
| | | | | | | | | | | | | | | | | | | lilas.base.SignalListener
| | | | | | | | | | | | | | | | | | | vu 5 lignes
| | | | | | | | | | | | | | | | | | vu 114 lignes
| | | | | | | | | | | | | | | | | | lilas.awt.ModifiedStatusListener
| | | | | | | | | | | | | | | | | | vu 5 lignes
| | | | | | | | | | | | | | | | | | lilas.xml.DefSignal
| | | | | | | | | | | | | | | | | | | lilas.edit.Plot
| | | | | | | | | | | | | | | | | | | | lilas.xml.DefModuleCall
| | | | | | | | | | | | | | | | | | | | | lilas.edit.Editeur
| | | | | | | | | | | | | | | | | | | | | | lilas.awt.tree.JDialogResourceTree
| | | | | | | | | | | | | | | | | | | | | | vu 99 lignes
| | | | | | | | | | | | | | | | | | | | | vu 396 lignes
| | | | | | | | | | | | | | | | | | | | | lilas.edit.ListeSignaux
| | | | | | | | | | | | | | | | | | | | | vu 40 lignes
| | | | | | | | | | | | | | | | | | | | | lilas.edit.ModuleImageSVG
| | | | | | | | | | | | | | | | | | | | | vu 458 lignes
| | | | | | | | | | | | | | | | | | | | | lilas.edit.ModuleSVG
| | | | | | | | | | | | | | | | | | | | | | lilas.awt.ElementSVG
| | | | | | | | | | | | | | | | | | | | | | | lilas.type.StdLogic
| | | | | | | | | | | | | | | | | | | | | | | vu 1136 lignes
| | | | | | | | | | | | | | | | | | | | | | | lilas.base.EventLilas
| | | | | | | | | | | | | | | | | | | | | | | vu 27 lignes
| | | | | | | | | | | | | | | | | | | | | | vu 670 lignes
| | | | | | | | | | | | | | | | | | | | | vu 2278 lignes
| | | | | | | | | | | | | | | | | | | | | lilas.util.HistoricValue
| | | | | | | | | | | | | | | | | | | | | | lilas.awt.TypeDrawStandard
| | | | | | | | | | | | | | | | | | | | | | | lilas.util.DatedObject
| | | | | | | | | | | | | | | | | | | | | | | vu 11 lignes
| | | | | | | | | | | | | | | | | | | | | | | ETOILE lilas.type.*
| | | | | | | | | | | | | | | | | | | | | | vu 92 lignes
| | | | | | | | | | | | | | | | | | | | | vu 98 lignes
| | | | | | | | | | | | | | | | | | | | vu 296 lignes
| | | | | | | | | | | | | | | | | | | vu 187 lignes
| | | | | | | | | | | | | | | | | | vu 602 lignes
| | | | | | | | | | | | | | | | | | lilas.type.ArrayStdLogic
| | | | | | | | | | | | | | | | | | vu 54 lignes
| | | | | | | | | | | | | | | | | vu 469 lignes
| | | | | | | | | | | | | | | | vu 622 lignes
| | | | | | | | | | | | | | | vu 82 lignes
| | | | | | | | | | | | | | | lilas.xml.DefAWT
| | | | | | | | | | | | | | | | lilas.awt.Panel
| | | | | | | | | | | | | | | | | lilas.awt.TabChangeListener
| | | | | | | | | | | | | | | | | vu 26 lignes
| | | | | | | | | | | | | | | | vu 192 lignes
| | | | | | | | | | | | | | | vu 409 lignes
| | | | | | | | | | | | | | vu 99 lignes
| | | | | | | | | | | | | | lilas.awt.TypeDrawBoolean
| | | | | | | | | | | | | | vu 68 lignes
| | | | | | | | | | | | | | lilas.awt.TypeDrawCharge
| | | | | | | | | | | | | | vu 73 lignes
| | | | | | | | | | | | | | lilas.awt.TypeDrawStdLogic
| | | | | | | | | | | | | | vu 99 lignes
| | | | | | | | | | | | | vu 137 lignes
| | | | | | | | | | | | | lilas.awt.treetable.EditorStandard
| | | | | | | | | | | | | | lilas.awt.CustomPopupMenu
| | | | | | | | | | | | | | vu 73 lignes
| | | | | | | | | | | | | vu 204 lignes
| | | | | | | | | | | | | lilas.awt.treetable.EditorStdLogic
| | | | | | | | | | | | | vu 157 lignes
| | | | | | | | | | | | | lilas.awt.treetable.RendererHistoricStandard
| | | | | | | | | | | | | | lilas.awt.Display
| | | | | | | | | | | | | | | lilas.awt.treetable.JTreeTable
| | | | | | | | | | | | | | | | lilas.util.DatedObjectsList
| | | | | | | | | | | | | | | | vu 186 lignes
| | | | | | | | | | | | | | | vu 353 lignes
| | | | | | | | | | | | | | vu 405 lignes
| | | | | | | | | | | | | vu 71 lignes
| | | | | | | | | | | | | lilas.awt.treetable.RendererStandard
| | | | | | | | | | | | | vu 100 lignes
| | | | | | | | | | | | | lilas.awt.treetable.RendererStdLogic
| | | | | | | | | | | | | vu 64 lignes
| | | | | | | | | | | | | lilas.awt.treetable.SignalEditorRenderer
| | | | | | | | | | | | | | lilas.base.ValModuleStatus
| | | | | | | | | | | | | | vu 64 lignes
| | | | | | | | | | | | | vu 245 lignes
| | | | | | | | | | | | vu 485 lignes
| | | | | | | | | | | | lilas.awt.treetable.MemoryTableEditorRenderer
| | | | | | | | | | | | | lilas.awt.CustomDialog
| | | | | | | | | | | | | vu 138 lignes
| | | | | | | | | | | | vu 87 lignes
| | | | | | | | | | | vu 185 lignes
| | | | | | | | | | vu 22 lignes
| | | | | | | | | vu 305 lignes
| | | | | | | | | lilas.awt.treetable.TreeNode
| | | | | | | | | vu 188 lignes
| | | | | | | | | lilas.util.SnapShotSVG
| | | | | | | | | vu 56 lignes
| | | | | | | | vu 1660 lignes
| | | | | | | | lilas.xml.DefSvgElement
| | | | | | | | vu 171 lignes
| | | | | | | vu 384 lignes
| | | | | | | lilas.util.Cleaner
| | | | | | | vu 179 lignes
| | | | | | | lilas.util.compiler.CompilateurJavaDynamique
| | | | | | | vu 113 lignes
| | | | | | | lilas.util.compiler.DynamicJavaSourceCodeObject
| | | | | | | vu 81 lignes
| | | | | | | lilas.logic.Compilateur
| | | | | | | | lilas.logic.parser.ParseException
| | | | | | | | vu 187 lignes
| | | | | | | | lilas.logic.parser.Parser
| | | | | | | | vu 2581 lignes
| | | | | | | | lilas.logic.parser.SimpleNode
| | | | | | | | vu 79 lignes
| | | | | | | | lilas.logic.parser.Token
| | | | | | | | vu 131 lignes
| | | | | | | | lilas.logic.parser.TokenMgrError
| | | | | | | | vu 147 lignes
| | | | | | | | lilas.xml.DefCode
| | | | | | | | | lilas.logic.CompilateurToJava
| | | | | | | | | | lilas.logic.CompilateurToVHDL
| | | | | | | | | | vu 993 lignes
| | | | | | | | | vu 464 lignes
| | | | | | | | | lilas.cmm.Compilateur
| | | | | | | | | | lilas.cmm.parser.ParseException
| | | | | | | | | | vu 187 lignes
| | | | | | | | | | lilas.cmm.parser.Parser
| | | | | | | | | | vu 5595 lignes
| | | | | | | | | | lilas.cmm.parser.SimpleNode
| | | | | | | | | | vu 79 lignes
| | | | | | | | | | lilas.cmm.parser.Token
| | | | | | | | | | vu 131 lignes
| | | | | | | | | | lilas.cmm.parser.TokenMgrError
| | | | | | | | | | vu 147 lignes
| | | | | | | | | | lilas.xml.DefCodeCompilateur
| | | | | | | | | | vu 23 lignes
| | | | | | | | | vu 816 lignes
| | | | | | | | vu 211 lignes
| | | | | | | vu 1964 lignes
| | | | | | | lilas.base.Coroutine
| | | | | | | vu 5 lignes
| | | | | | | NOT FOUND lilas.base.Value (/home/jln/LILASV4/src/lilas/base/Value.java)
| | | | | | | ERR line 3314 in lilas.xml.DefModule
| | | | | | vu 4602 lignes
| | | | | vu 413 lignes
| | | | vu 319 lignes
| | | | lilas.util.LogFormatter
| | | | vu 94 lignes
| | | vu 691 lignes
| | | lilas.xml.LocationData
| | | vu 90 lignes
| | vu 147 lignes
| vu 103 lignes
| lilas.awt.Fenetre
| vu 58 lignes
| lilas.awt.treetable.LilasSystemModel
| vu 102 lignes
| lilas.util.FenetreHTML
| vu 73 lignes
| lilas.util.JarBib
| | lilas.xml.LilasTo
| | vu 331 lignes
| vu 295 lignes
| lilas.awt.BoutonSnapshot
| vu 75 lignes
| lilas.awt.BoutonPasAPas
| vu 120 lignes
| lilas.edit.Main
| vu 197 lignes
vu 1443 lignes
java et javax : 210 elements
org : 60 elements
external : 2 elements
lilas : 100 elements
  lilas.Main -> 48051
  lilas.Parameter -> 22039
  lilas.awt.Assembleur -> 8002
  lilas.awt.BoutonListeScripts -> 2001
  lilas.awt.BoutonPasAPas -> 4001
  lilas.awt.BoutonSnapshot -> 2001
  lilas.awt.CmdDisplay -> 9
  lilas.awt.CustomDialog -> 1
  lilas.awt.CustomPopupMenu -> 2
  lilas.awt.Display -> 1002
  lilas.awt.DisplayScrollBar -> 1001
  lilas.awt.ElementSVG -> 4002
  lilas.awt.Fenetre -> 1
  lilas.awt.ImageSVG -> 2006
  lilas.awt.MemoryDisplay -> 4001
  lilas.awt.MemoryDisplayable -> 6
  lilas.awt.MemoryModel -> 8001
  lilas.awt.ModifiedStatusListener -> 1
  lilas.awt.Panel -> 3001
  lilas.awt.TabChangeListener -> 1
  lilas.awt.TypeDrawBoolean -> 3
  lilas.awt.TypeDrawCharge -> 3
  lilas.awt.TypeDrawStandard -> 7
  lilas.awt.TypeDrawStdLogic -> 3
  lilas.awt.tree.JDialogResourceTree -> 1
  lilas.awt.tree.MainFrame -> 4
  lilas.awt.treetable.EditorHistoricStandard -> 1
  lilas.awt.treetable.EditorStandard -> 1
  lilas.awt.treetable.EditorStdLogic -> 1
  lilas.awt.treetable.EditorValue -> 3
  lilas.awt.treetable.JTreeTable -> 1002
  lilas.awt.treetable.LilasSystemModel -> 1
  lilas.awt.treetable.MemoryTableEditorRenderer -> 1
  lilas.awt.treetable.MemoryTableModel -> 1
  lilas.awt.treetable.RendererHistoricStandard -> 1
  lilas.awt.treetable.RendererStandard -> 1
  lilas.awt.treetable.RendererStdLogic -> 1
  lilas.awt.treetable.SignalEditorRenderer -> 1002
  lilas.awt.treetable.TreeNode -> 1
  lilas.base.ArrayLilas -> 11003
  lilas.base.Coroutine -> 1
  lilas.base.DateListener -> 2
  lilas.base.EventLilas -> 5001
  lilas.base.ExceptionLilas -> 13048
  lilas.base.InternationalMessage -> 9007
  lilas.base.Module -> 16024
  lilas.base.ModuleExternalEvent -> 4010
  lilas.base.Port -> 6015
  lilas.base.Sensibility -> 7001
  lilas.base.Signal -> 30030
  lilas.base.SignalListener -> 10
  lilas.base.SystemL -> 1016
  lilas.base.ValModuleStatus -> 3
  lilas.base.Value -> 1
  lilas.cmm.Compilateur -> 1
  lilas.cmm.parser.ParseException -> 1
  lilas.cmm.parser.Parser -> 1
  lilas.cmm.parser.SimpleNode -> 1
  lilas.cmm.parser.Token -> 1
  lilas.cmm.parser.TokenMgrError -> 1
  lilas.edit.Editeur -> 2
  lilas.edit.ListeSignaux -> 1
  lilas.edit.Main -> 1001
  lilas.edit.ModuleImageSVG -> 2
  lilas.edit.ModuleSVG -> 2
  lilas.edit.Plot -> 7
  lilas.logic.Compilateur -> 9002
  lilas.logic.CompilateurToJava -> 1
  lilas.logic.CompilateurToVHDL -> 3002
  lilas.logic.parser.ParseException -> 2005
  lilas.logic.parser.Parser -> 3
  lilas.logic.parser.SimpleNode -> 3
  lilas.logic.parser.Token -> 3
  lilas.logic.parser.TokenMgrError -> 3
  lilas.type.ArrayStdLogic -> 11002
  lilas.type.StdLogic -> 64024
  lilas.util.Chronometer -> 8005
  lilas.util.Cleaner -> 3001
  lilas.util.DatedObject -> 3
  lilas.util.DatedObjectsList -> 4
  lilas.util.FenetreHTML -> 1
  lilas.util.HistoricValue -> 14
  lilas.util.JarBib -> 1001
  lilas.util.LilasPath -> 11
  lilas.util.LogFormatter -> 7001
  lilas.util.SnapShotSVG -> 3
  lilas.util.VectorError -> 23
  lilas.util.compiler.CompilateurJavaDynamique -> 3
  lilas.util.compiler.DynamicJavaSourceCodeObject -> 1
  lilas.xml.DefAWT -> 9
  lilas.xml.DefCode -> 4
  lilas.xml.DefCodeCompilateur -> 1001
  lilas.xml.DefModule -> 27
  lilas.xml.DefModuleCall -> 3
  lilas.xml.DefSignal -> 14
  lilas.xml.DefSvgElement -> 1
  lilas.xml.DefXML -> 8
  lilas.xml.DocumentXML -> 18
  lilas.xml.LilasTo -> 2
  lilas.xml.LocationData -> 1
ililenum : 6 elements
  lilas.Main.MSG -> 2
  lilas.base.Port.Mode -> 12
  lilas.base.Port.Propagate -> 1
  lilas.base.ValModuleStatus.Status -> 1
  lilas.edit.Plot.Position -> 5
  lilas.type.StdLogic.ValeurBit -> 3
inconnu : 6 elements
  com.sun.org.apache.xpath.internal.axes.HasPositionalPredChecker -> 1
  com.sun.org.apache.xpath.internal.functions.FunctionDef1Arg -> 1
  jni.JniException -> 1
  jni.ResString -> 1
  lvm.LVM -> 1
  lvm.SignalColor -> 1
