LOOPf : lilas.base.ExceptionLilas <--> lilas.base.Module
LOOPf : lilas.base.ExceptionLilas <--> lilas.base.ModuleExternalEvent
LOOPf : lilas.base.ExceptionLilas <--> lilas.base.Port
LOOPf : lilas.base.ExceptionLilas <--> lilas.xml.DefModule
LOOPf : lilas.base.Module <--> lilas.awt.treetable.EditorValue
LOOPf : lilas.base.Module <--> lilas.awt.treetable.SignalEditorRenderer
LOOPf : lilas.base.Signal <--> lilas.awt.ElementSVG
LOOPf : lilas.base.Signal <--> lilas.awt.TabChangeListener
LOOPf : lilas.base.Signal <--> lilas.awt.treetable.EditorHistoricStandard
LOOPf : lilas.base.Signal <--> lilas.awt.treetable.EditorStandard
LOOPf : lilas.base.Signal <--> lilas.awt.treetable.EditorStdLogic
LOOPf : lilas.base.Signal <--> lilas.awt.treetable.RendererHistoricStandard
LOOPf : lilas.base.Signal <--> lilas.awt.treetable.RendererStandard
LOOPf : lilas.base.Signal <--> lilas.awt.treetable.RendererStdLogic
LOOPf : lilas.base.Signal <--> lilas.awt.treetable.SignalEditorRenderer
LOOPf : lilas.base.Signal <--> lilas.type.StdLogic
LOOPf : lilas.base.Value <--> lilas.xml.DefModule
LOOPf : lilas.Parameter <--> lilas.awt.treetable.JTreeTable
LOOPf : lilas.Parameter <--> lilas.base.Module
LOOPf : lilas.Parameter <--> lilas.logic.CompilateurToJava
LOOPf : lilas.Parameter <--> lilas.xml.DefAWT
LOOPf : lilas.Parameter <--> lilas.xml.DefCode
LOOPf : lilas.Parameter <--> lilas.xml.DefModule
LOOPf : lilas.Parameter <--> lilas.xml.DefSvgElement
LOOPf : lilas.Parameter <--> lilas.xml.DefXML
LOOPf : lilas.Parameter <--> lilas.xml.DocumentXML
LOOPi : lilas.awt.CmdDisplay <--> lilas.awt.treetable.EditorHistoricStandard
LOOPi : lilas.awt.CmdDisplay <--> lilas.awt.treetable.JTreeTable
LOOPi : lilas.awt.CmdDisplay <--> lilas.awt.treetable.MemoryTableEditorRenderer
LOOPi : lilas.awt.CmdDisplay <--> lilas.awt.treetable.RendererHistoricStandard
LOOPi : lilas.awt.CmdDisplay <--> lilas.awt.treetable.SignalEditorRenderer
LOOPi : lilas.awt.CmdDisplay <--> lilas.base.Signal
LOOPi : lilas.awt.CmdDisplay <--> lilas.base.SystemL
LOOPi : lilas.awt.Display <--> lilas.awt.treetable.JTreeTable
LOOPi : lilas.awt.ImageSVG <--> lilas.edit.Editeur
LOOPi : lilas.awt.ImageSVG <--> lilas.edit.ModuleSVG
LOOPi : lilas.awt.ImageSVG <--> lilas.xml.DefModuleCall
LOOPi : lilas.awt.tree.MainFrame <--> lilas.base.SystemL
LOOPi : lilas.awt.tree.MainFrame <--> lilas.edit.Editeur
LOOPi : lilas.awt.treetable.EditorValue <--> lilas.awt.DisplayScrollBar
LOOPi : lilas.awt.treetable.EditorValue <--> lilas.base.Signal
LOOPi : lilas.awt.TypeDrawStandard <--> lilas.util.DatedObject
LOOPi : lilas.base.ArrayLilas <--> lilas.type.ArrayStdLogic
LOOPi : lilas.base.ExceptionLilas <--> lilas.awt.Assembleur
LOOPi : lilas.base.ExceptionLilas <--> lilas.awt.CmdDisplay
LOOPi : lilas.base.ExceptionLilas <--> lilas.awt.Display
LOOPi : lilas.base.ExceptionLilas <--> lilas.awt.ElementSVG
LOOPi : lilas.base.ExceptionLilas <--> lilas.awt.ImageSVG
LOOPi : lilas.base.ExceptionLilas <--> lilas.awt.MemoryDisplayable
LOOPi : lilas.base.ExceptionLilas <--> lilas.awt.MemoryModel
LOOPi : lilas.base.ExceptionLilas <--> lilas.awt.Panel
LOOPi : lilas.base.ExceptionLilas <--> lilas.awt.tree.MainFrame
LOOPi : lilas.base.ExceptionLilas <--> lilas.awt.treetable.EditorStandard
LOOPi : lilas.base.ExceptionLilas <--> lilas.awt.treetable.EditorStdLogic
LOOPi : lilas.base.ExceptionLilas <--> lilas.awt.treetable.JTreeTable
LOOPi : lilas.base.ExceptionLilas <--> lilas.awt.treetable.RendererStandard
LOOPi : lilas.base.ExceptionLilas <--> lilas.awt.treetable.RendererStdLogic
LOOPi : lilas.base.ExceptionLilas <--> lilas.awt.treetable.TreeNode
LOOPi : lilas.base.ExceptionLilas <--> lilas.awt.TypeDrawStandard
LOOPi : lilas.base.ExceptionLilas <--> lilas.cmm.Compilateur
LOOPi : lilas.base.ExceptionLilas <--> lilas.edit.Editeur
LOOPi : lilas.base.ExceptionLilas <--> lilas.edit.ModuleSVG
LOOPi : lilas.base.ExceptionLilas <--> lilas.logic.Compilateur
LOOPi : lilas.base.ExceptionLilas <--> lilas.logic.CompilateurToJava
LOOPi : lilas.base.ExceptionLilas <--> lilas.logic.CompilateurToVHDL
LOOPi : lilas.base.ExceptionLilas <--> lilas.Parameter
LOOPi : lilas.base.ExceptionLilas <--> lilas.type.ArrayStdLogic
LOOPi : lilas.base.ExceptionLilas <--> lilas.type.StdLogic
LOOPi : lilas.base.ExceptionLilas <--> lilas.util.Chronometer
LOOPi : lilas.base.ExceptionLilas <--> lilas.util.Cleaner
LOOPi : lilas.base.ExceptionLilas <--> lilas.util.DatedObject
LOOPi : lilas.base.ExceptionLilas <--> lilas.util.DatedObjectsList
LOOPi : lilas.base.ExceptionLilas <--> lilas.util.HistoricValue
LOOPi : lilas.base.ExceptionLilas <--> lilas.util.LilasPath
LOOPi : lilas.base.ExceptionLilas <--> lilas.util.VectorError
LOOPi : lilas.base.ExceptionLilas <--> lilas.xml.DefAWT
LOOPi : lilas.base.ExceptionLilas <--> lilas.xml.DefCode
LOOPi : lilas.base.ExceptionLilas <--> lilas.xml.DefCodeCompilateur
LOOPi : lilas.base.ExceptionLilas <--> lilas.xml.DefModule
LOOPi : lilas.base.ExceptionLilas <--> lilas.xml.DefModuleCall
LOOPi : lilas.base.ExceptionLilas <--> lilas.xml.DefSignal
LOOPi : lilas.base.ExceptionLilas <--> lilas.xml.DefSvgElement
LOOPi : lilas.base.ExceptionLilas <--> lilas.xml.DefXML
LOOPi : lilas.base.ExceptionLilas <--> lilas.xml.DocumentXML
LOOPi : lilas.base.Module <--> lilas.awt.Display
LOOPi : lilas.base.Module <--> lilas.awt.ElementSVG
LOOPi : lilas.base.Module <--> lilas.awt.MemoryDisplay
LOOPi : lilas.base.Module <--> lilas.awt.MemoryDisplayable
LOOPi : lilas.base.Module <--> lilas.awt.treetable.EditorHistoricStandard
LOOPi : lilas.base.Module <--> lilas.awt.treetable.EditorStandard
LOOPi : lilas.base.Module <--> lilas.awt.treetable.EditorStdLogic
LOOPi : lilas.base.Module <--> lilas.awt.treetable.JTreeTable
LOOPi : lilas.base.Module <--> lilas.awt.treetable.MemoryTableEditorRenderer
LOOPi : lilas.base.Module <--> lilas.awt.treetable.SignalEditorRenderer
LOOPi : lilas.base.Module <--> lilas.awt.treetable.TreeNode
LOOPi : lilas.base.Module <--> lilas.type.StdLogic
LOOPi : lilas.base.Module <--> lilas.util.HistoricValue
LOOPi : lilas.base.Module <--> lilas.xml.DefModuleCall
LOOPi : lilas.base.Module <--> lilas.xml.DefSignal
LOOPi : lilas.base.Signal <--> lilas.awt.Display
LOOPi : lilas.base.Signal <--> lilas.awt.DisplayScrollBar
LOOPi : lilas.base.Signal <--> lilas.awt.ElementSVG
LOOPi : lilas.base.Signal <--> lilas.awt.MemoryModel
LOOPi : lilas.base.Signal <--> lilas.awt.TabChangeListener
LOOPi : lilas.base.Signal <--> lilas.awt.treetable.EditorHistoricStandard
LOOPi : lilas.base.Signal <--> lilas.awt.treetable.EditorStandard
LOOPi : lilas.base.Signal <--> lilas.awt.treetable.JTreeTable
LOOPi : lilas.base.Signal <--> lilas.awt.treetable.RendererHistoricStandard
LOOPi : lilas.base.Signal <--> lilas.awt.treetable.RendererStandard
LOOPi : lilas.base.Signal <--> lilas.awt.treetable.RendererStdLogic
LOOPi : lilas.base.Signal <--> lilas.awt.treetable.SignalEditorRenderer
LOOPi : lilas.base.Signal <--> lilas.awt.TypeDrawBoolean
LOOPi : lilas.base.Signal <--> lilas.awt.TypeDrawCharge
LOOPi : lilas.base.Signal <--> lilas.awt.TypeDrawStandard
LOOPi : lilas.base.Signal <--> lilas.awt.TypeDrawStdLogic
LOOPi : lilas.base.Signal <--> lilas.xml.DefModuleCall
LOOPi : lilas.base.Signal <--> lilas.xml.DefSignal
LOOPi : lilas.edit.Plot <--> lilas.edit.ModuleImageSVG
LOOPi : lilas.edit.Plot <--> lilas.edit.ModuleSVG
LOOPi : lilas.edit.Plot <--> lilas.xml.DefModuleCall
LOOPi : lilas.logic.Compilateur <--> lilas.xml.DefCode
LOOPi : lilas.Parameter <--> lilas.awt.ElementSVG
LOOPi : lilas.Parameter <--> lilas.awt.ImageSVG
LOOPi : lilas.Parameter <--> lilas.awt.MemoryModel
LOOPi : lilas.Parameter <--> lilas.awt.tree.MainFrame
LOOPi : lilas.Parameter <--> lilas.awt.treetable.EditorHistoricStandard
LOOPi : lilas.Parameter <--> lilas.awt.treetable.EditorStandard
LOOPi : lilas.Parameter <--> lilas.awt.treetable.EditorStdLogic
LOOPi : lilas.Parameter <--> lilas.base.ArrayLilas
LOOPi : lilas.Parameter <--> lilas.base.Module
LOOPi : lilas.Parameter <--> lilas.base.ModuleExternalEvent
LOOPi : lilas.Parameter <--> lilas.base.Port
LOOPi : lilas.Parameter <--> lilas.base.Signal
LOOPi : lilas.Parameter <--> lilas.base.SystemL
LOOPi : lilas.Parameter <--> lilas.cmm.Compilateur
LOOPi : lilas.Parameter <--> lilas.edit.Editeur
LOOPi : lilas.Parameter <--> lilas.edit.ModuleSVG
LOOPi : lilas.Parameter <--> lilas.logic.Compilateur
LOOPi : lilas.Parameter <--> lilas.logic.CompilateurToJava
LOOPi : lilas.Parameter <--> lilas.logic.CompilateurToVHDL
LOOPi : lilas.Parameter <--> lilas.type.StdLogic
LOOPi : lilas.Parameter <--> lilas.util.Chronometer
LOOPi : lilas.Parameter <--> lilas.util.Cleaner
LOOPi : lilas.Parameter <--> lilas.util.compiler.CompilateurJavaDynamique
LOOPi : lilas.Parameter <--> lilas.util.LilasPath
LOOPi : lilas.Parameter <--> lilas.util.LogFormatter
LOOPi : lilas.Parameter <--> lilas.util.SnapShotSVG
LOOPi : lilas.Parameter <--> lilas.util.VectorError
LOOPi : lilas.Parameter <--> lilas.xml.DefAWT
LOOPi : lilas.Parameter <--> lilas.xml.DefCode
LOOPi : lilas.Parameter <--> lilas.xml.DefModule
LOOPi : lilas.Parameter <--> lilas.xml.DefSignal
LOOPi : lilas.util.HistoricValue <--> lilas.awt.TypeDrawStandard
LOOPi : lilas.util.LilasPath <--> lilas.awt.ImageSVG
LOOPi : lilas.util.LilasPath <--> lilas.base.ArrayLilas
LOOPi : lilas.util.LilasPath <--> lilas.base.Module
LOOPi : lilas.util.LilasPath <--> lilas.xml.DefModule
LOOPi : lilas.util.LilasPath <--> lilas.xml.DocumentXML
LOOPi : lilas.util.VectorError <--> lilas.edit.Editeur
LOOPi : lilas.util.VectorError <--> lilas.edit.ModuleSVG
LOOPi : lilas.util.VectorError <--> lilas.type.StdLogic
LOOPi : lilas.util.VectorError <--> lilas.xml.DefModuleCall
LOOPi : lilas.util.VectorError <--> lilas.xml.DefSignal
LOOPi : lilas.util.VectorError <--> lilas.xml.DefXML
LOOPi : lilas.xml.DefAWT <--> lilas.awt.Panel
LOOPi : lilas.xml.DefCode <--> lilas.cmm.Compilateur
LOOPi : lilas.xml.DefCode <--> lilas.logic.CompilateurToJava
LOOPi : lilas.xml.DefCode <--> lilas.logic.CompilateurToVHDL
LOOPi : lilas.xml.DefModuleCall <--> lilas.edit.Editeur
LOOPi : lilas.xml.DefModuleCall <--> lilas.edit.ModuleSVG
LOOPi : lilas.xml.DefModule <--> lilas.awt.Display
LOOPi : lilas.xml.DefModule <--> lilas.awt.DisplayScrollBar
LOOPi : lilas.xml.DefModule <--> lilas.awt.ImageSVG
LOOPi : lilas.xml.DefModule <--> lilas.awt.MemoryDisplay
LOOPi : lilas.xml.DefModule <--> lilas.awt.Panel
LOOPi : lilas.xml.DefModule <--> lilas.awt.treetable.JTreeTable
LOOPi : lilas.xml.DefModule <--> lilas.base.Module
LOOPi : lilas.xml.DefModule <--> lilas.cmm.Compilateur
LOOPi : lilas.xml.DefModule <--> lilas.edit.Editeur
LOOPi : lilas.xml.DefModule <--> lilas.edit.ModuleImageSVG
LOOPi : lilas.xml.DefModule <--> lilas.edit.ModuleSVG
LOOPi : lilas.xml.DefModule <--> lilas.edit.Plot
LOOPi : lilas.xml.DefModule <--> lilas.logic.Compilateur
LOOPi : lilas.xml.DefModule <--> lilas.logic.CompilateurToJava
LOOPi : lilas.xml.DefModule <--> lilas.logic.CompilateurToVHDL
LOOPi : lilas.xml.DefModule <--> lilas.type.StdLogic
LOOPi : lilas.xml.DefModule <--> lilas.util.Cleaner
LOOPi : lilas.xml.DefModule <--> lilas.util.VectorError
LOOPi : lilas.xml.DefSignal <--> lilas.edit.Editeur
LOOPi : lilas.xml.DefSignal <--> lilas.edit.ModuleImageSVG
LOOPi : lilas.xml.DefSignal <--> lilas.edit.ModuleSVG
LOOPi : lilas.xml.DefSignal <--> lilas.edit.Plot
LOOPi : lilas.xml.DefSignal <--> lilas.type.StdLogic
LOOPi : lilas.xml.DefXML <--> lilas.base.ArrayLilas
LOOPi : lilas.xml.DefXML <--> lilas.edit.ModuleSVG
LOOPi : lilas.xml.DefXML <--> lilas.type.ArrayStdLogic
LOOPi : lilas.xml.DefXML <--> lilas.type.StdLogic
