lilas.Main
| lilas.awt.BoutonListeScripts
| | lilas.base.ExceptionLilas
| | | lilas.Parameter
| | | | lilas.awt.tree.MainFrame
| | | | | lilas.base.InternationalMessage
| | | | | vu 5 lignes
| | | | | lilas.base.Port
| | | | | | lilas.base.Sensibility
| | | | | | vu 110 lignes
| | | | | vu 136 lignes
| | | | | lilas.util.LilasPath
| | | | | | lilas.xml.DefModule
| | | | | | | lilas.awt.Assembleur
| | | | | | | | lilas.xml.DocumentXML
| | | | | | | | vu 634 lignes
| | | | | | | vu 13 lignes
| | | | | | | lilas.awt.ImageSVG
| | | | | | | | lilas.base.Module
| | | | | | | | | lilas.awt.CmdDisplay
| | | | | | | | | | lilas.awt.treetable.EditorValue
| | | | | | | | | | | lilas.awt.MemoryDisplay
| | | | | | | | | | | | lilas.base.ModuleExternalEvent
| | | | | | | | | | | | vu 69 lignes
| | | | | | | | | | | | lilas.base.Signal
| | | | | | | | | | | | | lilas.awt.treetable.EditorHistoricStandard
| | | | | | | | | | | | | | lilas.awt.DisplayScrollBar
| | | | | | | | | | | | | | | lilas.base.SystemL
| | | | | | | | | | | | | | | | lilas.util.Chronometer
| | | | | | | | | | | | | | | | vu 147 lignes
| | | | | | | | | | | | | | | vu 478 lignes
| | | | | | | | | | | | | | | lilas.base.DateListener
| | | | | | | | | | | | | | | vu 5 lignes
| | | | | | | | | | | | | | | lilas.util.VectorError
| | | | | | | | | | | | | | | | lilas.xml.DefXML
| | | | | | | | | | | | | | | | | lilas.awt.MemoryDisplayable
| | | | | | | | | | | | | | | | | vu 33 lignes
| | | | | | | | | | | | | | | | | lilas.base.ArrayLilas
| | | | | | | | | | | | | | | | | | lilas.awt.MemoryModel
| | | | | | | | | | | | | | | | | | | lilas.awt.treetable.MemoryTableModel
| | | | | | | | | | | | | | | | | | | vu 104 lignes
| | | | | | | | | | | | | | | | | | | lilas.base.SignalListener
| | | | | | | | | | | | | | | | | | | vu 5 lignes
| | | | | | | | | | | | | | | | | | vu 114 lignes
| | | | | | | | | | | | | | | | | | lilas.awt.ModifiedStatusListener
| | | | | | | | | | | | | | | | | | vu 5 lignes
| | | | | | | | | | | | | | | | | | lilas.xml.DefSignal
| | | | | | | | | | | | | | | | | | | lilas.edit.Plot
| | | | | | | | | | | | | | | | | | | | lilas.xml.DefModuleCall
| | | | | | | | | | | | | | | | | | | | | lilas.edit.Editeur
| | | | | | | | | | | | | | | | | | | | | | lilas.awt.tree.JDialogResourceTree
| | | | | | | | | | | | | | | | | | | | | | vu 99 lignes
| | | | | | | | | | | | | | | | | | | | | vu 396 lignes
| | | | | | | | | | | | | | | | | | | | | lilas.edit.ListeSignaux
| | | | | | | | | | | | | | | | | | | | | vu 40 lignes
| | | | | | | | | | | | | | | | | | | | | lilas.edit.ModuleImageSVG
| | | | | | | | | | | | | | | | | | | | | vu 458 lignes
| | | | | | | | | | | | | | | | | | | | | lilas.edit.ModuleSVG
| | | | | | | | | | | | | | | | | | | | | | lilas.awt.ElementSVG
| | | | | | | | | | | | | | | | | | | | | | | lilas.type.StdLogic
| | | | | | | | | | | | | | | | | | | | | | | vu 1136 lignes
| | | | | | | | | | | | | | | | | | | | | | | lilas.base.EventLilas
| | | | | | | | | | | | | | | | | | | | | | | vu 27 lignes
| | | | | | | | | | | | | | | | | | | | | | vu 670 lignes
| | | | | | | | | | | | | | | | | | | | | vu 2278 lignes
| | | | | | | | | | | | | | | | | | | | | lilas.util.HistoricValue
| | | | | | | | | | | | | | | | | | | | | | lilas.awt.TypeDrawStandard
| | | | | | | | | | | | | | | | | | | | | | | lilas.util.DatedObject
| | | | | | | | | | | | | | | | | | | | | | | vu 11 lignes
| | | | | | | | | | | | | | | | | | | | | | | ETOILE lilas.type.*
| | | | | | | | | | | | | | | | | | | | | | vu 92 lignes
| | | | | | | | | | | | | | | | | | | | | vu 98 lignes
| | | | | | | | | | | | | | | | | | | | vu 296 lignes
| | | | | | | | | | | | | | | | | | | vu 187 lignes
| | | | | | | | | | | | | | | | | | vu 602 lignes
| | | | | | | | | | | | | | | | | | lilas.type.ArrayStdLogic
| | | | | | | | | | | | | | | | | | vu 54 lignes
| | | | | | | | | | | | | | | | | vu 469 lignes
| | | | | | | | | | | | | | | | vu 622 lignes
| | | | | | | | | | | | | | | vu 82 lignes
| | | | | | | | | | | | | | | lilas.xml.DefAWT
| | | | | | | | | | | | | | | | lilas.awt.Panel
| | | | | | | | | | | | | | | | | lilas.awt.TabChangeListener
| | | | | | | | | | | | | | | | | vu 26 lignes
| | | | | | | | | | | | | | | | vu 192 lignes
| | | | | | | | | | | | | | | vu 409 lignes
| | | | | | | | | | | | | | vu 99 lignes
| | | | | | | | | | | | | | lilas.awt.TypeDrawBoolean
| | | | | | | | | | | | | | vu 68 lignes
| | | | | | | | | | | | | | lilas.awt.TypeDrawCharge
| | | | | | | | | | | | | | vu 73 lignes
| | | | | | | | | | | | | | lilas.awt.TypeDrawStdLogic
| | | | | | | | | | | | | | vu 99 lignes
| | | | | | | | | | | | | vu 137 lignes
| | | | | | | | | | | | | lilas.awt.treetable.EditorStandard
| | | | | | | | | | | | | | lilas.awt.CustomPopupMenu
| | | | | | | | | | | | | | vu 73 lignes
| | | | | | | | | | | | | vu 204 lignes
| | | | | | | | | | | | | lilas.awt.treetable.EditorStdLogic
| | | | | | | | | | | | | vu 157 lignes
| | | | | | | | | | | | | lilas.awt.treetable.RendererHistoricStandard
| | | | | | | | | | | | | | lilas.awt.Display
| | | | | | | | | | | | | | | lilas.awt.treetable.JTreeTable
| | | | | | | | | | | | | | | | lilas.util.DatedObjectsList
| | | | | | | | | | | | | | | | vu 186 lignes
| | | | | | | | | | | | | | | vu 353 lignes
| | | | | | | | | | | | | | vu 405 lignes
| | | | | | | | | | | | | vu 71 lignes
| | | | | | | | | | | | | lilas.awt.treetable.RendererStandard
| | | | | | | | | | | | | vu 100 lignes
| | | | | | | | | | | | | lilas.awt.treetable.RendererStdLogic
| | | | | | | | | | | | | vu 64 lignes
| | | | | | | | | | | | | lilas.awt.treetable.SignalEditorRenderer
| | | | | | | | | | | | | | lilas.base.ValModuleStatus
| | | | | | | | | | | | | | vu 64 lignes
| | | | | | | | | | | | | vu 245 lignes
| | | | | | | | | | | | vu 485 lignes
| | | | | | | | | | | | lilas.awt.treetable.MemoryTableEditorRenderer
| | | | | | | | | | | | | lilas.awt.CustomDialog
| | | | | | | | | | | | | vu 138 lignes
| | | | | | | | | | | | vu 87 lignes
| | | | | | | | | | | vu 185 lignes
| | | | | | | | | | vu 22 lignes
| | | | | | | | | vu 305 lignes
| | | | | | | | | lilas.awt.treetable.TreeNode
| | | | | | | | | vu 188 lignes
| | | | | | | | | lilas.util.SnapShotSVG
| | | | | | | | | vu 56 lignes
| | | | | | | | vu 1660 lignes
| | | | | | | | lilas.xml.DefSvgElement
| | | | | | | | vu 171 lignes
| | | | | | | vu 384 lignes
| | | | | | | lilas.util.Cleaner
| | | | | | | vu 179 lignes
| | | | | | | lilas.util.compiler.CompilateurJavaDynamique
| | | | | | | vu 113 lignes
| | | | | | | lilas.util.compiler.DynamicJavaSourceCodeObject
| | | | | | | vu 81 lignes
| | | | | | | lilas.logic.Compilateur
| | | | | | | | lilas.logic.parser.ParseException
| | | | | | | | vu 187 lignes
| | | | | | | | lilas.logic.parser.Parser
| | | | | | | | vu 2581 lignes
| | | | | | | | lilas.logic.parser.SimpleNode
| | | | | | | | vu 79 lignes
| | | | | | | | lilas.logic.parser.Token
| | | | | | | | vu 131 lignes
| | | | | | | | lilas.logic.parser.TokenMgrError
| | | | | | | | vu 147 lignes
| | | | | | | | lilas.xml.DefCode
| | | | | | | | | lilas.logic.CompilateurToJava
| | | | | | | | | | lilas.logic.CompilateurToVHDL
| | | | | | | | | | vu 993 lignes
| | | | | | | | | vu 464 lignes
| | | | | | | | | lilas.cmm.Compilateur
| | | | | | | | | | lilas.cmm.parser.ParseException
| | | | | | | | | | vu 187 lignes
| | | | | | | | | | lilas.cmm.parser.Parser
| | | | | | | | | | vu 5595 lignes
| | | | | | | | | | lilas.cmm.parser.SimpleNode
| | | | | | | | | | vu 79 lignes
| | | | | | | | | | lilas.cmm.parser.Token
| | | | | | | | | | vu 131 lignes
| | | | | | | | | | lilas.cmm.parser.TokenMgrError
| | | | | | | | | | vu 147 lignes
| | | | | | | | | | lilas.xml.DefCodeCompilateur
| | | | | | | | | | vu 23 lignes
| | | | | | | | | vu 816 lignes
| | | | | | | | vu 211 lignes
| | | | | | | vu 1964 lignes
| | | | | | | lilas.base.Coroutine
| | | | | | | vu 5 lignes
| | | | | | | NOT FOUND lilas.base.Value (/home/jln/LILASV4/src/lilas/base/Value.java)
| | | | | | | ERR line 3314 in lilas.xml.DefModule
| | | | | | vu 4602 lignes
| | | | | vu 413 lignes
| | | | vu 319 lignes
| | | | lilas.util.LogFormatter
| | | | vu 94 lignes
| | | vu 691 lignes
| | | lilas.xml.LocationData
| | | vu 90 lignes
| | vu 147 lignes
| vu 103 lignes
| lilas.awt.Fenetre
| vu 58 lignes
| lilas.awt.treetable.LilasSystemModel
| vu 102 lignes
| lilas.util.FenetreHTML
| vu 73 lignes
| lilas.util.JarBib
| | lilas.xml.LilasTo
| | vu 331 lignes
| vu 295 lignes
| lilas.awt.BoutonSnapshot
| vu 75 lignes
| lilas.awt.BoutonPasAPas
| vu 120 lignes
| lilas.edit.Main
| vu 197 lignes
vu 1443 lignes
RANKS :
  0 : 34 nodes
  1 : 5 nodes
  2 : 7 nodes
  3 : 6 nodes
  4 : 2 nodes
  5 : 1 nodes
  6 : 1 nodes
  7 : 1 nodes
  8 : 2 nodes
  9 : 2 nodes
  10 : 2 nodes
  11 : 1 nodes
  12 : 2 nodes
  13 : 2 nodes
  14 : 3 nodes
  15 : 3 nodes
  16 : 1 nodes
  17 : 1 nodes
  18 : 1 nodes
  19 : 1 nodes
  20 : 1 nodes
  21 : 1 nodes
  22 : 1 nodes
  23 : 2 nodes
  24 : 1 nodes
  25 : 1 nodes
  26 : 1 nodes
  27 : 1 nodes
  28 : 1 nodes
  29 : 3 nodes
  30 : 1 nodes
  31 : 5 nodes
  32 : 1 nodes
  33 : 1 nodes
  34 : 0 nodes
# rank 0
javac -Xlint -sourcepath ./src -d ./bin -cp ./bin ./src/lilas/awt/CustomDialog.java
javac -Xlint -sourcepath ./src -d ./bin -cp ./bin ./src/lilas/awt/CustomPopupMenu.java
javac -Xlint -sourcepath ./src -d ./bin -cp ./bin ./src/lilas/awt/MemoryDisplayable.java
javac -Xlint -sourcepath ./src -d ./bin -cp ./bin ./src/lilas/awt/ModifiedStatusListener.java
javac -Xlint -sourcepath ./src -d ./bin -cp ./bin ./src/lilas/awt/TypeDrawBoolean.java
javac -Xlint -sourcepath ./src -d ./bin -cp ./bin ./src/lilas/awt/TypeDrawCharge.java
javac -Xlint -sourcepath ./src -d ./bin -cp ./bin ./src/lilas/awt/tree/JDialogResourceTree.java
javac -Xlint -sourcepath ./src -d ./bin -cp ./bin ./src/lilas/awt/treetable/MemoryTableModel.java
javac -Xlint -sourcepath ./src -d ./bin -cp ./bin ./src/lilas/base/Coroutine.java
javac -Xlint -sourcepath ./src -d ./bin -cp ./bin ./src/lilas/base/DateListener.java
javac -Xlint -sourcepath ./src -d ./bin -cp ./bin ./src/lilas/base/EventLilas.java
javac -Xlint -sourcepath ./src -d ./bin -cp ./bin ./src/lilas/base/InternationalMessage.java
javac -Xlint -sourcepath ./src -d ./bin -cp ./bin ./src/lilas/base/ModuleExternalEvent.java
javac -Xlint -sourcepath ./src -d ./bin -cp ./bin ./src/lilas/base/Sensibility.java
javac -Xlint -sourcepath ./src -d ./bin -cp ./bin ./src/lilas/base/SignalListener.java
javac -Xlint -sourcepath ./src -d ./bin -cp ./bin ./src/lilas/base/ValModuleStatus.java
javac -Xlint -sourcepath ./src -d ./bin -cp ./bin ./src/lilas/cmm/parser/ParseException.java
javac -Xlint -sourcepath ./src -d ./bin -cp ./bin ./src/lilas/cmm/parser/Parser.java
javac -Xlint -sourcepath ./src -d ./bin -cp ./bin ./src/lilas/cmm/parser/SimpleNode.java
javac -Xlint -sourcepath ./src -d ./bin -cp ./bin ./src/lilas/cmm/parser/Token.java
javac -Xlint -sourcepath ./src -d ./bin -cp ./bin ./src/lilas/cmm/parser/TokenMgrError.java
javac -Xlint -sourcepath ./src -d ./bin -cp ./bin ./src/lilas/edit/ListeSignaux.java
javac -Xlint -sourcepath ./src -d ./bin -cp ./bin ./src/lilas/edit/ModuleImageSVG.java
javac -Xlint -sourcepath ./src -d ./bin -cp ./bin ./src/lilas/logic/parser/ParseException.java
javac -Xlint -sourcepath ./src -d ./bin -cp ./bin ./src/lilas/logic/parser/Parser.java
javac -Xlint -sourcepath ./src -d ./bin -cp ./bin ./src/lilas/logic/parser/SimpleNode.java
javac -Xlint -sourcepath ./src -d ./bin -cp ./bin ./src/lilas/logic/parser/Token.java
javac -Xlint -sourcepath ./src -d ./bin -cp ./bin ./src/lilas/logic/parser/TokenMgrError.java
javac -Xlint -sourcepath ./src -d ./bin -cp ./bin ./src/lilas/util/Chronometer.java
javac -Xlint -sourcepath ./src -d ./bin -cp ./bin ./src/lilas/util/DatedObject.java
javac -Xlint -sourcepath ./src -d ./bin -cp ./bin ./src/lilas/util/DatedObjectsList.java
javac -Xlint -sourcepath ./src -d ./bin -cp ./bin ./src/lilas/util/SnapShotSVG.java
javac -Xlint -sourcepath ./src -d ./bin -cp ./bin ./src/lilas/util/compiler/CompilateurJavaDynamique.java
javac -Xlint -sourcepath ./src -d ./bin -cp ./bin ./src/lilas/util/compiler/DynamicJavaSourceCodeObject.java
# rank 1
javac -Xlint -sourcepath ./src -d ./bin -cp ./bin ./src/lilas/awt/TypeDrawStandard.java
javac -Xlint -sourcepath ./src -d ./bin -cp ./bin ./src/lilas/base/Port.java
javac -Xlint -sourcepath ./src -d ./bin -cp ./bin ./src/lilas/base/SystemL.java
javac -Xlint -sourcepath ./src -d ./bin -cp ./bin ./src/lilas/util/LogFormatter.java
javac -Xlint -sourcepath ./src -d ./bin -cp ./bin ./src/lilas/xml/DocumentXML.java
# rank 2
javac -Xlint -sourcepath ./src -d ./bin -cp ./bin ./src/lilas/awt/Assembleur.java
javac -Xlint -sourcepath ./src -d ./bin -cp ./bin ./src/lilas/awt/MemoryModel.java
javac -Xlint -sourcepath ./src -d ./bin -cp ./bin ./src/lilas/awt/TabChangeListener.java
javac -Xlint -sourcepath ./src -d ./bin -cp ./bin ./src/lilas/edit/Editeur.java
javac -Xlint -sourcepath ./src -d ./bin -cp ./bin ./src/lilas/type/StdLogic.java
javac -Xlint -sourcepath ./src -d ./bin -cp ./bin ./src/lilas/util/Cleaner.java
javac -Xlint -sourcepath ./src -d ./bin -cp ./bin ./src/lilas/util/HistoricValue.java
# rank 3
javac -Xlint -sourcepath ./src -d ./bin -cp ./bin ./src/lilas/awt/ElementSVG.java
javac -Xlint -sourcepath ./src -d ./bin -cp ./bin ./src/lilas/awt/TypeDrawStdLogic.java
javac -Xlint -sourcepath ./src -d ./bin -cp ./bin ./src/lilas/awt/treetable/EditorStandard.java
javac -Xlint -sourcepath ./src -d ./bin -cp ./bin ./src/lilas/awt/treetable/EditorStdLogic.java
javac -Xlint -sourcepath ./src -d ./bin -cp ./bin ./src/lilas/awt/treetable/JTreeTable.java
javac -Xlint -sourcepath ./src -d ./bin -cp ./bin ./src/lilas/awt/treetable/RendererStdLogic.java
# rank 4
javac -Xlint -sourcepath ./src -d ./bin -cp ./bin ./src/lilas/awt/treetable/SignalEditorRenderer.java
javac -Xlint -sourcepath ./src -d ./bin -cp ./bin ./src/lilas/edit/ModuleSVG.java
# rank 5
javac -Xlint -sourcepath ./src -d ./bin -cp ./bin ./src/lilas/xml/DefModuleCall.java
# rank 6
javac -Xlint -sourcepath ./src -d ./bin -cp ./bin ./src/lilas/edit/Plot.java
# rank 7
javac -Xlint -sourcepath ./src -d ./bin -cp ./bin ./src/lilas/xml/DefSignal.java
# rank 8
javac -Xlint -sourcepath ./src -d ./bin -cp ./bin ./src/lilas/logic/CompilateurToVHDL.java
javac -Xlint -sourcepath ./src -d ./bin -cp ./bin ./src/lilas/type/ArrayStdLogic.java
# rank 9
javac -Xlint -sourcepath ./src -d ./bin -cp ./bin ./src/lilas/base/ArrayLilas.java
javac -Xlint -sourcepath ./src -d ./bin -cp ./bin ./src/lilas/logic/CompilateurToJava.java
# rank 10
javac -Xlint -sourcepath ./src -d ./bin -cp ./bin ./src/lilas/awt/treetable/RendererStandard.java
javac -Xlint -sourcepath ./src -d ./bin -cp ./bin ./src/lilas/xml/DefXML.java
# rank 11
javac -Xlint -sourcepath ./src -d ./bin -cp ./bin ./src/lilas/util/VectorError.java
# rank 12
javac -Xlint -sourcepath ./src -d ./bin -cp ./bin ./src/lilas/awt/Panel.java
javac -Xlint -sourcepath ./src -d ./bin -cp ./bin ./src/lilas/xml/DefCodeCompilateur.java
# rank 13
javac -Xlint -sourcepath ./src -d ./bin -cp ./bin ./src/lilas/cmm/Compilateur.java
javac -Xlint -sourcepath ./src -d ./bin -cp ./bin ./src/lilas/xml/DefAWT.java
# rank 14
javac -Xlint -sourcepath ./src -d ./bin -cp ./bin ./src/lilas/awt/Display.java
javac -Xlint -sourcepath ./src -d ./bin -cp ./bin ./src/lilas/awt/DisplayScrollBar.java
javac -Xlint -sourcepath ./src -d ./bin -cp ./bin ./src/lilas/xml/DefCode.java
# rank 15
javac -Xlint -sourcepath ./src -d ./bin -cp ./bin ./src/lilas/awt/treetable/EditorHistoricStandard.java
javac -Xlint -sourcepath ./src -d ./bin -cp ./bin ./src/lilas/awt/treetable/RendererHistoricStandard.java
javac -Xlint -sourcepath ./src -d ./bin -cp ./bin ./src/lilas/logic/Compilateur.java
# rank 16
javac -Xlint -sourcepath ./src -d ./bin -cp ./bin ./src/lilas/base/Signal.java
# rank 17
javac -Xlint -sourcepath ./src -d ./bin -cp ./bin ./src/lilas/awt/treetable/MemoryTableEditorRenderer.java
# rank 18
javac -Xlint -sourcepath ./src -d ./bin -cp ./bin ./src/lilas/awt/MemoryDisplay.java
# rank 19
javac -Xlint -sourcepath ./src -d ./bin -cp ./bin ./src/lilas/awt/treetable/EditorValue.java
# rank 20
javac -Xlint -sourcepath ./src -d ./bin -cp ./bin ./src/lilas/awt/CmdDisplay.java
# rank 21
javac -Xlint -sourcepath ./src -d ./bin -cp ./bin ./src/lilas/awt/treetable/TreeNode.java
# rank 22
javac -Xlint -sourcepath ./src -d ./bin -cp ./bin ./src/lilas/base/Module.java
# rank 23
javac -Xlint -sourcepath ./src -d ./bin -cp ./bin ./src/lilas/awt/treetable/LilasSystemModel.java
javac -Xlint -sourcepath ./src -d ./bin -cp ./bin ./src/lilas/xml/DefSvgElement.java
# rank 24
javac -Xlint -sourcepath ./src -d ./bin -cp ./bin ./src/lilas/awt/ImageSVG.java
# rank 25
javac -Xlint -sourcepath ./src -d ./bin -cp ./bin ./src/lilas/xml/DefModule.java
# rank 26
javac -Xlint -sourcepath ./src -d ./bin -cp ./bin ./src/lilas/util/LilasPath.java
# rank 27
javac -Xlint -sourcepath ./src -d ./bin -cp ./bin ./src/lilas/awt/tree/MainFrame.java
# rank 28
javac -Xlint -sourcepath ./src -d ./bin -cp ./bin ./src/lilas/Parameter.java
# rank 29
javac -Xlint -sourcepath ./src -d ./bin -cp ./bin ./src/lilas/awt/Fenetre.java
javac -Xlint -sourcepath ./src -d ./bin -cp ./bin ./src/lilas/util/FenetreHTML.java
javac -Xlint -sourcepath ./src -d ./bin -cp ./bin ./src/lilas/xml/LocationData.java
# rank 30
javac -Xlint -sourcepath ./src -d ./bin -cp ./bin ./src/lilas/base/ExceptionLilas.java
# rank 31
javac -Xlint -sourcepath ./src -d ./bin -cp ./bin ./src/lilas/awt/BoutonListeScripts.java
javac -Xlint -sourcepath ./src -d ./bin -cp ./bin ./src/lilas/awt/BoutonPasAPas.java
javac -Xlint -sourcepath ./src -d ./bin -cp ./bin ./src/lilas/awt/BoutonSnapshot.java
javac -Xlint -sourcepath ./src -d ./bin -cp ./bin ./src/lilas/edit/Main.java
javac -Xlint -sourcepath ./src -d ./bin -cp ./bin ./src/lilas/xml/LilasTo.java
# rank 32
javac -Xlint -sourcepath ./src -d ./bin -cp ./bin ./src/lilas/util/JarBib.java
# rank 33
javac -Xlint -sourcepath ./src -d ./bin -cp ./bin ./src/lilas/Main.java
# rank 34
