lilas.Main
| lilas.awt.BoutonListeScripts
| | lilas.base.ExceptionLilas
| | | lilas.Parameter
| | | | lilas.awt.tree.MainFrame
| | | | | lilas.base.InternationalMessage
| | | | | vu 5 lignes
| | | | | lilas.base.Port
| | | | | | lilas.base.Sensibility
| | | | | | vu 110 lignes
| | | | | vu 136 lignes
| | | | | lilas.util.LilasPath
| | | | | | lilas.xml.DefModule
| | | | | | | lilas.awt.Assembleur
| | | | | | | | lilas.xml.DocumentXML
| | | | | | | | vu 634 lignes
| | | | | | | vu 13 lignes
| | | | | | | lilas.awt.ImageSVG
| | | | | | | | lilas.base.Module
| | | | | | | | | lilas.awt.CmdDisplay
| | | | | | | | | | lilas.awt.treetable.EditorValue
| | | | | | | | | | | lilas.awt.MemoryDisplay
| | | | | | | | | | | | lilas.base.ModuleExternalEvent
| | | | | | | | | | | | vu 69 lignes
| | | | | | | | | | | | lilas.base.Signal
| | | | | | | | | | | | | lilas.awt.treetable.EditorHistoricStandard
| | | | | | | | | | | | | | lilas.awt.DisplayScrollBar
| | | | | | | | | | | | | | | lilas.base.SystemL
| | | | | | | | | | | | | | | | lilas.util.Chronometer
| | | | | | | | | | | | | | | | vu 147 lignes
| | | | | | | | | | | | | | | vu 478 lignes
| | | | | | | | | | | | | | | lilas.base.DateListener
| | | | | | | | | | | | | | | vu 5 lignes
| | | | | | | | | | | | | | | lilas.util.VectorError
| | | | | | | | | | | | | | | | lilas.xml.DefXML
| | | | | | | | | | | | | | | | | lilas.awt.MemoryDisplayable
| | | | | | | | | | | | | | | | | vu 33 lignes
| | | | | | | | | | | | | | | | | lilas.base.ArrayLilas
| | | | | | | | | | | | | | | | | | lilas.awt.MemoryModel
| | | | | | | | | | | | | | | | | | | lilas.awt.treetable.MemoryTableModel
| | | | | | | | | | | | | | | | | | | vu 104 lignes
| | | | | | | | | | | | | | | | | | | lilas.base.SignalListener
| | | | | | | | | | | | | | | | | | | vu 5 lignes
| | | | | | | | | | | | | | | | | | vu 114 lignes
| | | | | | | | | | | | | | | | | | lilas.awt.ModifiedStatusListener
| | | | | | | | | | | | | | | | | | vu 5 lignes
| | | | | | | | | | | | | | | | | | lilas.xml.DefSignal
| | | | | | | | | | | | | | | | | | | lilas.edit.Plot
| | | | | | | | | | | | | | | | | | | | lilas.xml.DefModuleCall
| | | | | | | | | | | | | | | | | | | | | lilas.edit.Editeur
| | | | | | | | | | | | | | | | | | | | | | lilas.awt.tree.JDialogResourceTree
| | | | | | | | | | | | | | | | | | | | | | vu 99 lignes
| | | | | | | | | | | | | | | | | | | | | vu 396 lignes
| | | | | | | | | | | | | | | | | | | | | lilas.edit.ListeSignaux
| | | | | | | | | | | | | | | | | | | | | vu 40 lignes
| | | | | | | | | | | | | | | | | | | | | lilas.edit.ModuleImageSVG
| | | | | | | | | | | | | | | | | | | | | vu 458 lignes
| | | | | | | | | | | | | | | | | | | | | lilas.edit.ModuleSVG
| | | | | | | | | | | | | | | | | | | | | | lilas.awt.ElementSVG
| | | | | | | | | | | | | | | | | | | | | | | lilas.type.StdLogic
| | | | | | | | | | | | | | | | | | | | | | | vu 1136 lignes
| | | | | | | | | | | | | | | | | | | | | | | lilas.base.EventLilas
| | | | | | | | | | | | | | | | | | | | | | | vu 27 lignes
| | | | | | | | | | | | | | | | | | | | | | vu 670 lignes
| | | | | | | | | | | | | | | | | | | | | vu 2278 lignes
| | | | | | | | | | | | | | | | | | | | | lilas.util.HistoricValue
| | | | | | | | | | | | | | | | | | | | | | lilas.awt.TypeDrawStandard
| | | | | | | | | | | | | | | | | | | | | | | lilas.util.DatedObject
| | | | | | | | | | | | | | | | | | | | | | | vu 11 lignes
| | | | | | | | | | | | | | | | | | | | | | | ETOILE lilas.type.*
| | | | | | | | | | | | | | | | | | | | | | vu 92 lignes
| | | | | | | | | | | | | | | | | | | | | vu 98 lignes
| | | | | | | | | | | | | | | | | | | | vu 296 lignes
| | | | | | | | | | | | | | | | | | | vu 187 lignes
| | | | | | | | | | | | | | | | | | vu 602 lignes
| | | | | | | | | | | | | | | | | | lilas.type.ArrayStdLogic
| | | | | | | | | | | | | | | | | | vu 54 lignes
| | | | | | | | | | | | | | | | | vu 469 lignes
| | | | | | | | | | | | | | | | vu 622 lignes
| | | | | | | | | | | | | | | vu 82 lignes
| | | | | | | | | | | | | | | lilas.xml.DefAWT
| | | | | | | | | | | | | | | | lilas.awt.Panel
| | | | | | | | | | | | | | | | | lilas.awt.TabChangeListener
| | | | | | | | | | | | | | | | | vu 26 lignes
| | | | | | | | | | | | | | | | vu 192 lignes
| | | | | | | | | | | | | | | vu 409 lignes
| | | | | | | | | | | | | | vu 99 lignes
| | | | | | | | | | | | | | lilas.awt.TypeDrawBoolean
| | | | | | | | | | | | | | vu 68 lignes
| | | | | | | | | | | | | | lilas.awt.TypeDrawCharge
| | | | | | | | | | | | | | vu 73 lignes
| | | | | | | | | | | | | | lilas.awt.TypeDrawStdLogic
| | | | | | | | | | | | | | vu 99 lignes
| | | | | | | | | | | | | vu 137 lignes
| | | | | | | | | | | | | lilas.awt.treetable.EditorStandard
| | | | | | | | | | | | | | lilas.awt.CustomPopupMenu
| | | | | | | | | | | | | | vu 73 lignes
| | | | | | | | | | | | | vu 204 lignes
| | | | | | | | | | | | | lilas.awt.treetable.EditorStdLogic
| | | | | | | | | | | | | vu 157 lignes
| | | | | | | | | | | | | lilas.awt.treetable.RendererHistoricStandard
| | | | | | | | | | | | | | lilas.awt.Display
| | | | | | | | | | | | | | | lilas.awt.treetable.JTreeTable
| | | | | | | | | | | | | | | | lilas.util.DatedObjectsList
| | | | | | | | | | | | | | | | vu 186 lignes
| | | | | | | | | | | | | | | vu 353 lignes
| | | | | | | | | | | | | | vu 405 lignes
| | | | | | | | | | | | | vu 71 lignes
| | | | | | | | | | | | | lilas.awt.treetable.RendererStandard
| | | | | | | | | | | | | vu 100 lignes
| | | | | | | | | | | | | lilas.awt.treetable.RendererStdLogic
| | | | | | | | | | | | | vu 64 lignes
| | | | | | | | | | | | | lilas.awt.treetable.SignalEditorRenderer
| | | | | | | | | | | | | | lilas.base.ValModuleStatus
| | | | | | | | | | | | | | vu 64 lignes
| | | | | | | | | | | | | vu 245 lignes
| | | | | | | | | | | | vu 485 lignes
| | | | | | | | | | | | lilas.awt.treetable.MemoryTableEditorRenderer
| | | | | | | | | | | | | lilas.awt.CustomDialog
| | | | | | | | | | | | | vu 138 lignes
| | | | | | | | | | | | vu 87 lignes
| | | | | | | | | | | vu 185 lignes
| | | | | | | | | | vu 22 lignes
| | | | | | | | | vu 305 lignes
| | | | | | | | | lilas.awt.treetable.TreeNode
| | | | | | | | | vu 188 lignes
| | | | | | | | | lilas.util.SnapShotSVG
| | | | | | | | | vu 56 lignes
| | | | | | | | vu 1660 lignes
| | | | | | | | lilas.xml.DefSvgElement
| | | | | | | | vu 171 lignes
| | | | | | | vu 384 lignes
| | | | | | | lilas.util.Cleaner
| | | | | | | vu 179 lignes
| | | | | | | lilas.util.compiler.CompilateurJavaDynamique
| | | | | | | vu 113 lignes
| | | | | | | lilas.util.compiler.DynamicJavaSourceCodeObject
| | | | | | | vu 81 lignes
| | | | | | | lilas.logic.Compilateur
| | | | | | | | lilas.logic.parser.ParseException
| | | | | | | | vu 187 lignes
| | | | | | | | lilas.logic.parser.Parser
| | | | | | | | vu 2581 lignes
| | | | | | | | lilas.logic.parser.SimpleNode
| | | | | | | | vu 79 lignes
| | | | | | | | lilas.logic.parser.Token
| | | | | | | | vu 131 lignes
| | | | | | | | lilas.logic.parser.TokenMgrError
| | | | | | | | vu 147 lignes
| | | | | | | | lilas.xml.DefCode
| | | | | | | | | lilas.logic.CompilateurToJava
| | | | | | | | | | lilas.logic.CompilateurToVHDL
| | | | | | | | | | vu 993 lignes
| | | | | | | | | vu 464 lignes
| | | | | | | | | lilas.cmm.Compilateur
| | | | | | | | | | lilas.cmm.parser.ParseException
| | | | | | | | | | vu 187 lignes
| | | | | | | | | | lilas.cmm.parser.Parser
| | | | | | | | | | vu 5595 lignes
| | | | | | | | | | lilas.cmm.parser.SimpleNode
| | | | | | | | | | vu 79 lignes
| | | | | | | | | | lilas.cmm.parser.Token
| | | | | | | | | | vu 131 lignes
| | | | | | | | | | lilas.cmm.parser.TokenMgrError
| | | | | | | | | | vu 147 lignes
| | | | | | | | | | lilas.xml.DefCodeCompilateur
| | | | | | | | | | vu 23 lignes
| | | | | | | | | vu 816 lignes
| | | | | | | | vu 211 lignes
| | | | | | | vu 1964 lignes
| | | | | | | lilas.base.Coroutine
| | | | | | | vu 5 lignes
| | | | | | | NOT FOUND lilas.base.Value (/home/jln/LILASV4/src/lilas/base/Value.java)
| | | | | | | ERR line 3314 in lilas.xml.DefModule
| | | | | | vu 4602 lignes
| | | | | vu 413 lignes
| | | | vu 319 lignes
| | | | lilas.util.LogFormatter
| | | | vu 94 lignes
| | | vu 691 lignes
| | | lilas.xml.LocationData
| | | vu 90 lignes
| | vu 147 lignes
| vu 103 lignes
| lilas.awt.Fenetre
| vu 58 lignes
| lilas.awt.treetable.LilasSystemModel
| vu 102 lignes
| lilas.util.FenetreHTML
| vu 73 lignes
| lilas.util.JarBib
| | lilas.xml.LilasTo
| | vu 331 lignes
| vu 295 lignes
| lilas.awt.BoutonSnapshot
| vu 75 lignes
| lilas.awt.BoutonPasAPas
| vu 120 lignes
| lilas.edit.Main
| vu 197 lignes
vu 1443 lignes
RANKS :
  0 : 27 nodes
  1 : 5 nodes
  2 : 4 nodes
  3 : 1 nodes
  4 : 1 nodes
  5 : 0 nodes
java et javax : 210 elements
org : 60 elements
external : 2 elements
ililenum : 6 elements
  lilas.Main.MSG -> 2
  lilas.base.Port.Mode -> 12
  lilas.base.Port.Propagate -> 1
  lilas.base.ValModuleStatus.Status -> 1
  lilas.edit.Plot.Position -> 5
  lilas.type.StdLogic.ValeurBit -> 3
inconnu : 6 elements
  com.sun.org.apache.xpath.internal.axes.HasPositionalPredChecker -> 1
  com.sun.org.apache.xpath.internal.functions.FunctionDef1Arg -> 1
  jni.JniException -> 1
  jni.ResString -> 1
  lvm.LVM -> 1
  lvm.SignalColor -> 1
lilas : 100 elements
  lilas.Main R1000,
    refered by 56 classes :
      lilas.Main R1000,
      lilas.awt.BoutonListeScripts R1000,
      lilas.Parameter R1000,
      lilas.awt.tree.MainFrame R1000,
      lilas.base.Port R1,
      lilas.util.LilasPath R1000,
      lilas.xml.DefModule R1000,
      lilas.xml.DocumentXML R1,
      lilas.awt.ImageSVG R1000,
      lilas.base.Module R1000,
      lilas.awt.CmdDisplay R1000,
      lilas.awt.MemoryDisplay R1000,
      lilas.base.ModuleExternalEvent R1000,
      lilas.base.Signal R1000,
      lilas.awt.treetable.EditorHistoricStandard R1000,
      lilas.awt.DisplayScrollBar R1000,
      lilas.base.SystemL R1,
      lilas.xml.DefXML R1000,
      lilas.base.ArrayLilas R1000,
      lilas.awt.MemoryModel R1000,
      lilas.xml.DefSignal R1000,
      lilas.xml.DefModuleCall R1000,
      lilas.edit.Editeur R1000,
      lilas.awt.tree.JDialogResourceTree R1000,
      lilas.edit.ModuleSVG R1000,
      lilas.type.StdLogic R2,
      lilas.base.EventLilas R1000,
      lilas.util.HistoricValue R2,
      lilas.awt.TypeDrawStandard R1,
      lilas.type.ArrayStdLogic R1000,
      lilas.xml.DefAWT R1000,
      lilas.awt.Panel R1000,
      lilas.awt.treetable.EditorStandard R1000,
      lilas.awt.treetable.EditorStdLogic R1000,
      lilas.awt.treetable.RendererHistoricStandard R1000,
      lilas.awt.treetable.JTreeTable R1000,
      lilas.util.DatedObjectsList R1000,
      lilas.awt.treetable.RendererStandard R1000,
      lilas.awt.treetable.RendererStdLogic R1000,
      lilas.awt.treetable.SignalEditorRenderer R4,
      lilas.awt.treetable.MemoryTableEditorRenderer R1000,
      lilas.awt.CustomDialog R1000,
      lilas.awt.treetable.TreeNode R1000,
      lilas.util.compiler.CompilateurJavaDynamique R1000,
      lilas.util.compiler.DynamicJavaSourceCodeObject R1000,
      lilas.logic.Compilateur R1000,
      lilas.xml.DefCode R1000,
      lilas.logic.CompilateurToJava R1000,
      lilas.logic.CompilateurToVHDL R1000,
      lilas.cmm.Compilateur R1000,
      lilas.awt.Fenetre R1000,
      lilas.awt.treetable.LilasSystemModel R1000,
      lilas.util.FenetreHTML R1000,
      lilas.util.JarBib R1000,
      lilas.xml.LilasTo R1000,
      lilas.edit.Main R1000,
    refering  27 classes :
      lilas.Main R1000,
      lilas.awt.BoutonListeScripts R1000,
      lilas.base.ExceptionLilas R1000,
      lilas.Parameter R1000,
      lilas.awt.tree.MainFrame R1000,
      lilas.base.InternationalMessage R0,
      lilas.base.Port R1,
      lilas.util.LilasPath R1000,
      lilas.xml.DefModule R1000,
      lilas.xml.DocumentXML R1,
      lilas.awt.ImageSVG R1000,
      lilas.base.Module R1000,
      lilas.base.SystemL R1,
      lilas.util.VectorError R1000,
      lilas.xml.DefSignal R1000,
      lilas.awt.treetable.JTreeTable R1000,
      lilas.util.Cleaner R2,
      lilas.util.compiler.CompilateurJavaDynamique R1000,
      lilas.util.LogFormatter R1,
      lilas.awt.Fenetre R1000,
      lilas.awt.treetable.LilasSystemModel R1000,
      lilas.util.FenetreHTML R1000,
      lilas.util.JarBib R1000,
      lilas.xml.LilasTo R1000,
      lilas.awt.BoutonSnapshot R1000,
      lilas.awt.BoutonPasAPas R1000,
      lilas.edit.Main R1000,
  lilas.Parameter R1000,
    refered by 10 classes :
      lilas.Main R1000,
      lilas.base.ExceptionLilas R1000,
      lilas.xml.LocationData R1000,
      lilas.awt.Fenetre R1000,
      lilas.util.FenetreHTML R1000,
      lilas.util.JarBib R1000,
      lilas.xml.LilasTo R1000,
      lilas.awt.BoutonSnapshot R1000,
      lilas.awt.BoutonPasAPas R1000,
      lilas.edit.Main R1000,
    refering  7 classes :
      lilas.Main R1000,
      lilas.awt.tree.MainFrame R1000,
      lilas.base.InternationalMessage R0,
      lilas.util.LilasPath R1000,
      lilas.xml.DocumentXML R1,
      lilas.type.StdLogic R2,
      lilas.util.LogFormatter R1,
  lilas.awt.Assembleur R2,
    refered by 3 classes :
      lilas.xml.DefModule R1000,
      lilas.base.ArrayLilas R1000,
      lilas.type.ArrayStdLogic R1000,
    refering  1 classes :
      lilas.xml.DocumentXML R1,
  lilas.awt.BoutonListeScripts R1000,
    refered by 1 classes :
      lilas.Main R1000,
    refering  9 classes :
      lilas.Main R1000,
      lilas.base.ExceptionLilas R1000,
      lilas.xml.DefModule R1000,
      lilas.base.Module R1000,
      lilas.base.Signal R1000,
      lilas.util.VectorError R1000,
      lilas.base.SignalListener R0,
      lilas.util.HistoricValue R2,
      lilas.xml.DefAWT R1000,
  lilas.awt.BoutonPasAPas R1000,
    refered by 1 classes :
      lilas.Main R1000,
    refering  12 classes :
      lilas.base.ExceptionLilas R1000,
      lilas.Parameter R1000,
      lilas.xml.DefModule R1000,
      lilas.base.Module R1000,
      lilas.base.Signal R1000,
      lilas.base.SystemL R1,
      lilas.util.Chronometer R0,
      lilas.util.VectorError R1000,
      lilas.base.SignalListener R0,
      lilas.util.HistoricValue R2,
      lilas.xml.DefAWT R1000,
      lilas.util.SnapShotSVG R0,
  lilas.awt.BoutonSnapshot R1000,
    refered by 1 classes :
      lilas.Main R1000,
    refering  12 classes :
      lilas.base.ExceptionLilas R1000,
      lilas.Parameter R1000,
      lilas.util.LilasPath R1000,
      lilas.xml.DefModule R1000,
      lilas.base.Module R1000,
      lilas.base.Signal R1000,
      lilas.base.SystemL R1,
      lilas.util.VectorError R1000,
      lilas.base.SignalListener R0,
      lilas.util.HistoricValue R2,
      lilas.xml.DefAWT R1000,
      lilas.util.SnapShotSVG R0,
  lilas.awt.CmdDisplay R1000,
    refered by 2 classes :
      lilas.base.Module R1000,
      lilas.awt.treetable.TreeNode R1000,
    refering  7 classes :
      lilas.Main R1000,
      lilas.awt.treetable.EditorValue R1000,
      lilas.base.ModuleExternalEvent R1000,
      lilas.base.Signal R1000,
      lilas.base.SystemL R1,
      lilas.base.DateListener R0,
      lilas.xml.DefAWT R1000,
  lilas.awt.CustomDialog R1000,
    refered by 1 classes :
      lilas.awt.treetable.MemoryTableEditorRenderer R1000,
    refering  1 classes :
      lilas.Main R1000,
  lilas.awt.CustomPopupMenu R0,
    refered by 2 classes :
      lilas.awt.treetable.EditorStandard R1000,
      lilas.awt.treetable.TreeNode R1000,
    refering  0 classes :
  lilas.awt.Display R1000,
    refered by 1 classes :
      lilas.awt.treetable.RendererHistoricStandard R1000,
    refering  9 classes :
      lilas.util.Chronometer R0,
      lilas.util.VectorError R1000,
      lilas.base.SignalListener R0,
      lilas.type.StdLogic R2,
      lilas.util.HistoricValue R2,
      lilas.util.DatedObject R0,
      lilas.xml.DefAWT R1000,
      lilas.awt.treetable.JTreeTable R1000,
      lilas.util.DatedObjectsList R1000,
  lilas.awt.DisplayScrollBar R1000,
    refered by 1 classes :
      lilas.awt.treetable.EditorHistoricStandard R1000,
    refering  5 classes :
      lilas.Main R1000,
      lilas.base.SystemL R1,
      lilas.base.DateListener R0,
      lilas.util.VectorError R1000,
      lilas.xml.DefAWT R1000,
  lilas.awt.ElementSVG R1000,
    refered by 3 classes :
      lilas.xml.DefModule R1000,
      lilas.base.Module R1000,
      lilas.edit.ModuleSVG R1000,
    refering  5 classes :
      lilas.xml.DocumentXML R1,
      lilas.base.ModuleExternalEvent R1000,
      lilas.base.SignalListener R0,
      lilas.type.StdLogic R2,
      lilas.base.EventLilas R1000,
  lilas.awt.Fenetre R1000,
    refered by 1 classes :
      lilas.Main R1000,
    refering  3 classes :
      lilas.Main R1000,
      lilas.Parameter R1000,
      lilas.base.SystemL R1,
  lilas.awt.ImageSVG R1000,
    refered by 3 classes :
      lilas.Main R1000,
      lilas.xml.DefModule R1000,
      lilas.edit.Main R1000,
    refering  8 classes :
      lilas.Main R1000,
      lilas.xml.DocumentXML R1,
      lilas.base.Module R1000,
      lilas.base.Signal R1000,
      lilas.base.SystemL R1,
      lilas.util.VectorError R1000,
      lilas.xml.DefAWT R1000,
      lilas.xml.DefSvgElement R1000,
  lilas.awt.MemoryDisplay R1000,
    refered by 1 classes :
      lilas.awt.treetable.EditorValue R1000,
    refering  12 classes :
      lilas.Main R1000,
      lilas.base.Sensibility R0,
      lilas.base.ModuleExternalEvent R1000,
      lilas.base.Signal R1000,
      lilas.base.SystemL R1,
      lilas.util.VectorError R1000,
      lilas.xml.DefXML R1000,
      lilas.base.SignalListener R0,
      lilas.xml.DefSignal R1000,
      lilas.xml.DefAWT R1000,
      lilas.awt.treetable.SignalEditorRenderer R4,
      lilas.awt.treetable.MemoryTableEditorRenderer R1000,
  lilas.awt.MemoryDisplayable R0,
    refered by 6 classes :
      lilas.base.Module R1000,
      lilas.xml.DefXML R1000,
      lilas.base.ArrayLilas R1000,
      lilas.type.ArrayStdLogic R1000,
      lilas.awt.treetable.RendererStandard R1000,
      lilas.awt.treetable.RendererStdLogic R1000,
    refering  0 classes :
  lilas.awt.MemoryModel R1000,
    refered by 3 classes :
      lilas.base.ArrayLilas R1000,
      lilas.awt.treetable.EditorStandard R1000,
      lilas.awt.treetable.EditorStdLogic R1000,
    refering  5 classes :
      lilas.Main R1000,
      lilas.base.ModuleExternalEvent R1000,
      lilas.base.SystemL R1,
      lilas.awt.treetable.MemoryTableModel R0,
      lilas.base.SignalListener R0,
  lilas.awt.ModifiedStatusListener R0,
    refered by 1 classes :
      lilas.base.ArrayLilas R1000,
    refering  0 classes :
  lilas.awt.Panel R1000,
    refered by 1 classes :
      lilas.xml.DefAWT R1000,
    refering  5 classes :
      lilas.Main R1000,
      lilas.xml.DocumentXML R1,
      lilas.util.VectorError R1000,
      lilas.xml.DefXML R1000,
      lilas.awt.TabChangeListener R1000,
  lilas.awt.TabChangeListener R1000,
    refered by 1 classes :
      lilas.awt.Panel R1000,
    refering  2 classes :
      lilas.base.Port R1,
      lilas.base.ModuleExternalEvent R1000,
  lilas.awt.TypeDrawBoolean R0,
    refered by 3 classes :
      lilas.awt.treetable.EditorHistoricStandard R1000,
      lilas.awt.treetable.SignalEditorRenderer R4,
      lilas.awt.treetable.TreeNode R1000,
    refering  0 classes :
  lilas.awt.TypeDrawCharge R0,
    refered by 3 classes :
      lilas.awt.treetable.EditorHistoricStandard R1000,
      lilas.awt.treetable.SignalEditorRenderer R4,
      lilas.awt.treetable.TreeNode R1000,
    refering  0 classes :
  lilas.awt.TypeDrawStandard R1,
    refered by 5 classes :
      lilas.awt.treetable.EditorHistoricStandard R1000,
      lilas.util.HistoricValue R2,
      lilas.awt.treetable.RendererHistoricStandard R1000,
      lilas.awt.treetable.SignalEditorRenderer R4,
      lilas.awt.treetable.TreeNode R1000,
    refering  2 classes :
      lilas.Main R1000,
      lilas.util.DatedObject R0,
  lilas.awt.TypeDrawStdLogic R3,
    refered by 3 classes :
      lilas.awt.treetable.EditorHistoricStandard R1000,
      lilas.awt.treetable.SignalEditorRenderer R4,
      lilas.awt.treetable.TreeNode R1000,
    refering  1 classes :
      lilas.type.StdLogic R2,
  lilas.awt.tree.JDialogResourceTree R1000,
    refered by 1 classes :
      lilas.edit.Editeur R1000,
    refering  1 classes :
      lilas.Main R1000,
  lilas.awt.tree.MainFrame R1000,
    refered by 2 classes :
      lilas.Main R1000,
      lilas.Parameter R1000,
    refering  6 classes :
      lilas.Main R1000,
      lilas.base.InternationalMessage R0,
      lilas.base.Port R1,
      lilas.util.LilasPath R1000,
      lilas.xml.DefModule R1000,
      lilas.xml.DefSignal R1000,
  lilas.awt.treetable.EditorHistoricStandard R1000,
    refered by 1 classes :
      lilas.base.Signal R1000,
    refering  8 classes :
      lilas.Main R1000,
      lilas.awt.DisplayScrollBar R1000,
      lilas.base.SystemL R1,
      lilas.type.StdLogic R2,
      lilas.awt.TypeDrawStandard R1,
      lilas.awt.TypeDrawBoolean R0,
      lilas.awt.TypeDrawCharge R0,
      lilas.awt.TypeDrawStdLogic R3,
  lilas.awt.treetable.EditorStandard R1000,
    refered by 1 classes :
      lilas.base.Signal R1000,
    refering  5 classes :
      lilas.Main R1000,
      lilas.base.ModuleExternalEvent R1000,
      lilas.awt.MemoryModel R1000,
      lilas.util.HistoricValue R2,
      lilas.awt.CustomPopupMenu R0,
  lilas.awt.treetable.EditorStdLogic R1000,
    refered by 1 classes :
      lilas.base.Signal R1000,
    refering  4 classes :
      lilas.Main R1000,
      lilas.base.ModuleExternalEvent R1000,
      lilas.awt.MemoryModel R1000,
      lilas.type.StdLogic R2,
  lilas.awt.treetable.EditorValue R1000,
    refered by 1 classes :
      lilas.awt.CmdDisplay R1000,
    refering  2 classes :
      lilas.awt.MemoryDisplay R1000,
      lilas.base.Signal R1000,
  lilas.awt.treetable.JTreeTable R1000,
    refered by 2 classes :
      lilas.Main R1000,
      lilas.awt.Display R1000,
    refering  5 classes :
      lilas.Main R1000,
      lilas.base.SystemL R1,
      lilas.util.HistoricValue R2,
      lilas.util.DatedObject R0,
      lilas.util.DatedObjectsList R1000,
  lilas.awt.treetable.LilasSystemModel R1000,
    refered by 1 classes :
      lilas.Main R1000,
    refering  4 classes :
      lilas.Main R1000,
      lilas.base.Module R1000,
      lilas.base.Signal R1000,
      lilas.base.SystemL R1,
  lilas.awt.treetable.MemoryTableEditorRenderer R1000,
    refered by 1 classes :
      lilas.awt.MemoryDisplay R1000,
    refering  6 classes :
      lilas.Main R1000,
      lilas.base.Signal R1000,
      lilas.base.SystemL R1,
      lilas.type.StdLogic R2,
      lilas.awt.treetable.SignalEditorRenderer R4,
      lilas.awt.CustomDialog R1000,
  lilas.awt.treetable.MemoryTableModel R0,
    refered by 1 classes :
      lilas.awt.MemoryModel R1000,
    refering  0 classes :
  lilas.awt.treetable.RendererHistoricStandard R1000,
    refered by 1 classes :
      lilas.base.Signal R1000,
    refering  6 classes :
      lilas.Main R1000,
      lilas.base.ModuleExternalEvent R1000,
      lilas.base.SignalListener R0,
      lilas.util.HistoricValue R2,
      lilas.awt.TypeDrawStandard R1,
      lilas.awt.Display R1000,
  lilas.awt.treetable.RendererStandard R1000,
    refered by 1 classes :
      lilas.base.Signal R1000,
    refering  6 classes :
      lilas.Main R1000,
      lilas.base.ModuleExternalEvent R1000,
      lilas.awt.MemoryDisplayable R0,
      lilas.base.ArrayLilas R1000,
      lilas.base.SignalListener R0,
      lilas.util.HistoricValue R2,
  lilas.awt.treetable.RendererStdLogic R1000,
    refered by 1 classes :
      lilas.base.Signal R1000,
    refering  6 classes :
      lilas.Main R1000,
      lilas.base.ModuleExternalEvent R1000,
      lilas.awt.MemoryDisplayable R0,
      lilas.base.SignalListener R0,
      lilas.type.StdLogic R2,
      lilas.util.HistoricValue R2,
  lilas.awt.treetable.SignalEditorRenderer R4,
    refered by 3 classes :
      lilas.awt.MemoryDisplay R1000,
      lilas.base.Signal R1000,
      lilas.awt.treetable.MemoryTableEditorRenderer R1000,
    refering  8 classes :
      lilas.Main R1000,
      lilas.base.SystemL R1,
      lilas.type.StdLogic R2,
      lilas.awt.TypeDrawStandard R1,
      lilas.awt.TypeDrawBoolean R0,
      lilas.awt.TypeDrawCharge R0,
      lilas.awt.TypeDrawStdLogic R3,
      lilas.base.ValModuleStatus R0,
  lilas.awt.treetable.TreeNode R1000,
    refered by 1 classes :
      lilas.base.Module R1000,
    refering  11 classes :
      lilas.Main R1000,
      lilas.awt.CmdDisplay R1000,
      lilas.base.Signal R1000,
      lilas.base.ArrayLilas R1000,
      lilas.type.StdLogic R2,
      lilas.awt.TypeDrawStandard R1,
      lilas.awt.TypeDrawBoolean R0,
      lilas.awt.TypeDrawCharge R0,
      lilas.awt.TypeDrawStdLogic R3,
      lilas.awt.CustomPopupMenu R0,
      lilas.base.ValModuleStatus R0,
  lilas.base.ArrayLilas R1000,
    refered by 3 classes :
      lilas.xml.DefXML R1000,
      lilas.awt.treetable.RendererStandard R1000,
      lilas.awt.treetable.TreeNode R1000,
    refering  8 classes :
      lilas.Main R1000,
      lilas.awt.Assembleur R2,
      lilas.xml.DocumentXML R1,
      lilas.awt.MemoryDisplayable R0,
      lilas.awt.MemoryModel R1000,
      lilas.awt.ModifiedStatusListener R0,
      lilas.xml.DefSignal R1000,
      lilas.type.ArrayStdLogic R1000,
  lilas.base.Coroutine R0,
    refered by 1 classes :
      lilas.xml.DefModule R1000,
    refering  0 classes :
  lilas.base.DateListener R0,
    refered by 2 classes :
      lilas.awt.CmdDisplay R1000,
      lilas.awt.DisplayScrollBar R1000,
    refering  0 classes :
  lilas.base.EventLilas R1000,
    refered by 1 classes :
      lilas.awt.ElementSVG R1000,
    refering  1 classes :
      lilas.Main R1000,
  lilas.base.ExceptionLilas R1000,
    refered by 7 classes :
      lilas.Main R1000,
      lilas.awt.BoutonListeScripts R1000,
      lilas.util.JarBib R1000,
      lilas.xml.LilasTo R1000,
      lilas.awt.BoutonSnapshot R1000,
      lilas.awt.BoutonPasAPas R1000,
      lilas.edit.Main R1000,
    refering  4 classes :
      lilas.Parameter R1000,
      lilas.xml.DefModule R1000,
      lilas.xml.DefXML R1000,
      lilas.xml.LocationData R1000,
  lilas.base.InternationalMessage R0,
    refered by 16 classes :
      lilas.Main R1000,
      lilas.Parameter R1000,
      lilas.awt.tree.MainFrame R1000,
      lilas.xml.DefModule R1000,
      lilas.xml.DocumentXML R1,
      lilas.util.VectorError R1000,
      lilas.xml.DefXML R1000,
      lilas.xml.DefSignal R1000,
      lilas.xml.DefAWT R1000,
      lilas.xml.DefSvgElement R1000,
      lilas.logic.Compilateur R1000,
      lilas.xml.DefCode R1000,
      lilas.cmm.Compilateur R1000,
      lilas.util.LogFormatter R1,
      lilas.xml.LocationData R1000,
      lilas.xml.LilasTo R1000,
    refering  0 classes :
  lilas.base.Module R1000,
    refered by 9 classes :
      lilas.Main R1000,
      lilas.awt.BoutonListeScripts R1000,
      lilas.xml.DefModule R1000,
      lilas.awt.ImageSVG R1000,
      lilas.xml.DefSvgElement R1000,
      lilas.awt.treetable.LilasSystemModel R1000,
      lilas.xml.LilasTo R1000,
      lilas.awt.BoutonSnapshot R1000,
      lilas.awt.BoutonPasAPas R1000,
    refering  15 classes :
      lilas.Main R1000,
      lilas.base.Port R1,
      lilas.base.Sensibility R0,
      lilas.xml.DocumentXML R1,
      lilas.awt.CmdDisplay R1000,
      lilas.base.ModuleExternalEvent R1000,
      lilas.base.Signal R1000,
      lilas.util.Chronometer R0,
      lilas.awt.MemoryDisplayable R0,
      lilas.awt.ElementSVG R1000,
      lilas.type.StdLogic R2,
      lilas.util.DatedObjectsList R1000,
      lilas.base.ValModuleStatus R0,
      lilas.awt.treetable.TreeNode R1000,
      lilas.util.SnapShotSVG R0,
  lilas.base.ModuleExternalEvent R1000,
    refered by 12 classes :
      lilas.xml.DefModule R1000,
      lilas.base.Module R1000,
      lilas.awt.CmdDisplay R1000,
      lilas.awt.MemoryDisplay R1000,
      lilas.awt.MemoryModel R1000,
      lilas.awt.ElementSVG R1000,
      lilas.awt.TabChangeListener R1000,
      lilas.awt.treetable.EditorStandard R1000,
      lilas.awt.treetable.EditorStdLogic R1000,
      lilas.awt.treetable.RendererHistoricStandard R1000,
      lilas.awt.treetable.RendererStandard R1000,
      lilas.awt.treetable.RendererStdLogic R1000,
    refering  1 classes :
      lilas.Main R1000,
  lilas.base.Port R1,
    refered by 13 classes :
      lilas.Main R1000,
      lilas.awt.tree.MainFrame R1000,
      lilas.xml.DefModule R1000,
      lilas.base.Module R1000,
      lilas.xml.DefXML R1000,
      lilas.xml.DefSignal R1000,
      lilas.xml.DefModuleCall R1000,
      lilas.edit.ModuleSVG R1000,
      lilas.type.StdLogic R2,
      lilas.type.ArrayStdLogic R1000,
      lilas.awt.TabChangeListener R1000,
      lilas.logic.Compilateur R1000,
      lilas.cmm.Compilateur R1000,
    refering  2 classes :
      lilas.Main R1000,
      lilas.base.Sensibility R0,
  lilas.base.Sensibility R0,
    refered by 4 classes :
      lilas.base.Port R1,
      lilas.xml.DefModule R1000,
      lilas.base.Module R1000,
      lilas.awt.MemoryDisplay R1000,
    refering  0 classes :
  lilas.base.Signal R1000,
    refered by 13 classes :
      lilas.awt.BoutonListeScripts R1000,
      lilas.xml.DefModule R1000,
      lilas.awt.ImageSVG R1000,
      lilas.base.Module R1000,
      lilas.awt.CmdDisplay R1000,
      lilas.awt.treetable.EditorValue R1000,
      lilas.awt.MemoryDisplay R1000,
      lilas.awt.treetable.MemoryTableEditorRenderer R1000,
      lilas.awt.treetable.TreeNode R1000,
      lilas.xml.DefSvgElement R1000,
      lilas.awt.treetable.LilasSystemModel R1000,
      lilas.awt.BoutonSnapshot R1000,
      lilas.awt.BoutonPasAPas R1000,
    refering  11 classes :
      lilas.Main R1000,
      lilas.awt.treetable.EditorHistoricStandard R1000,
      lilas.type.StdLogic R2,
      lilas.util.HistoricValue R2,
      lilas.awt.treetable.EditorStandard R1000,
      lilas.awt.treetable.EditorStdLogic R1000,
      lilas.awt.treetable.RendererHistoricStandard R1000,
      lilas.util.DatedObjectsList R1000,
      lilas.awt.treetable.RendererStandard R1000,
      lilas.awt.treetable.RendererStdLogic R1000,
      lilas.awt.treetable.SignalEditorRenderer R4,
  lilas.base.SignalListener R0,
    refered by 10 classes :
      lilas.awt.BoutonListeScripts R1000,
      lilas.awt.MemoryDisplay R1000,
      lilas.awt.MemoryModel R1000,
      lilas.awt.ElementSVG R1000,
      lilas.awt.treetable.RendererHistoricStandard R1000,
      lilas.awt.Display R1000,
      lilas.awt.treetable.RendererStandard R1000,
      lilas.awt.treetable.RendererStdLogic R1000,
      lilas.awt.BoutonSnapshot R1000,
      lilas.awt.BoutonPasAPas R1000,
    refering  0 classes :
  lilas.base.SystemL R1,
    refered by 16 classes :
      lilas.Main R1000,
      lilas.xml.DefModule R1000,
      lilas.awt.ImageSVG R1000,
      lilas.awt.CmdDisplay R1000,
      lilas.awt.MemoryDisplay R1000,
      lilas.awt.treetable.EditorHistoricStandard R1000,
      lilas.awt.DisplayScrollBar R1000,
      lilas.awt.MemoryModel R1000,
      lilas.awt.treetable.JTreeTable R1000,
      lilas.awt.treetable.SignalEditorRenderer R4,
      lilas.awt.treetable.MemoryTableEditorRenderer R1000,
      lilas.awt.Fenetre R1000,
      lilas.awt.treetable.LilasSystemModel R1000,
      lilas.util.FenetreHTML R1000,
      lilas.awt.BoutonSnapshot R1000,
      lilas.awt.BoutonPasAPas R1000,
    refering  2 classes :
      lilas.Main R1000,
      lilas.util.Chronometer R0,
  lilas.base.ValModuleStatus R0,
    refered by 3 classes :
      lilas.base.Module R1000,
      lilas.awt.treetable.SignalEditorRenderer R4,
      lilas.awt.treetable.TreeNode R1000,
    refering  0 classes :
  lilas.base.Value -> -2 -> ERR
  lilas.cmm.Compilateur R1000,
    refered by 1 classes :
      lilas.xml.DefCode R1000,
    refering  14 classes :
      lilas.Main R1000,
      lilas.base.InternationalMessage R0,
      lilas.base.Port R1,
      lilas.xml.DocumentXML R1,
      lilas.util.VectorError R1000,
      lilas.xml.DefSignal R1000,
      lilas.type.StdLogic R2,
      lilas.logic.parser.ParseException R0,
      lilas.cmm.parser.ParseException R0,
      lilas.cmm.parser.Parser R0,
      lilas.cmm.parser.SimpleNode R0,
      lilas.cmm.parser.Token R0,
      lilas.cmm.parser.TokenMgrError R0,
      lilas.xml.DefCodeCompilateur R1000,
  lilas.cmm.parser.ParseException R0,
    refered by 1 classes :
      lilas.cmm.Compilateur R1000,
    refering  0 classes :
  lilas.cmm.parser.Parser R0,
    refered by 1 classes :
      lilas.cmm.Compilateur R1000,
    refering  0 classes :
  lilas.cmm.parser.SimpleNode R0,
    refered by 1 classes :
      lilas.cmm.Compilateur R1000,
    refering  0 classes :
  lilas.cmm.parser.Token R0,
    refered by 1 classes :
      lilas.cmm.Compilateur R1000,
    refering  0 classes :
  lilas.cmm.parser.TokenMgrError R0,
    refered by 1 classes :
      lilas.cmm.Compilateur R1000,
    refering  0 classes :
  lilas.edit.Editeur R1000,
    refered by 2 classes :
      lilas.xml.DefModule R1000,
      lilas.xml.DefModuleCall R1000,
    refering  3 classes :
      lilas.Main R1000,
      lilas.xml.DocumentXML R1,
      lilas.awt.tree.JDialogResourceTree R1000,
  lilas.edit.ListeSignaux R0,
    refered by 1 classes :
      lilas.xml.DefModuleCall R1000,
    refering  0 classes :
  lilas.edit.Main R1000,
    refered by 1 classes :
      lilas.Main R1000,
    refering  7 classes :
      lilas.Main R1000,
      lilas.base.ExceptionLilas R1000,
      lilas.Parameter R1000,
      lilas.util.LilasPath R1000,
      lilas.xml.DefModule R1000,
      lilas.xml.DocumentXML R1,
      lilas.awt.ImageSVG R1000,
  lilas.edit.ModuleImageSVG R0,
    refered by 2 classes :
      lilas.xml.DefModule R1000,
      lilas.xml.DefModuleCall R1000,
    refering  0 classes :
  lilas.edit.ModuleSVG R1000,
    refered by 2 classes :
      lilas.xml.DefModule R1000,
      lilas.xml.DefModuleCall R1000,
    refering  4 classes :
      lilas.Main R1000,
      lilas.base.Port R1,
      lilas.xml.DocumentXML R1,
      lilas.awt.ElementSVG R1000,
  lilas.edit.Plot R1000,
    refered by 2 classes :
      lilas.xml.DefModule R1000,
      lilas.xml.DefSignal R1000,
    refering  1 classes :
      lilas.xml.DefModuleCall R1000,
  lilas.logic.Compilateur R1000,
    refered by 1 classes :
      lilas.xml.DefModule R1000,
    refering  14 classes :
      lilas.Main R1000,
      lilas.base.InternationalMessage R0,
      lilas.base.Port R1,
      lilas.xml.DocumentXML R1,
      lilas.util.VectorError R1000,
      lilas.xml.DefSignal R1000,
      lilas.type.StdLogic R2,
      lilas.logic.parser.ParseException R0,
      lilas.logic.parser.Parser R0,
      lilas.logic.parser.SimpleNode R0,
      lilas.logic.parser.Token R0,
      lilas.logic.parser.TokenMgrError R0,
      lilas.xml.DefCode R1000,
      lilas.xml.DefCodeCompilateur R1000,
  lilas.logic.CompilateurToJava R1000,
    refered by 1 classes :
      lilas.xml.DefCode R1000,
    refering  10 classes :
      lilas.Main R1000,
      lilas.xml.DocumentXML R1,
      lilas.xml.DefSignal R1000,
      lilas.type.StdLogic R2,
      lilas.logic.parser.ParseException R0,
      lilas.logic.parser.Parser R0,
      lilas.logic.parser.SimpleNode R0,
      lilas.logic.parser.Token R0,
      lilas.logic.parser.TokenMgrError R0,
      lilas.logic.CompilateurToVHDL R1000,
  lilas.logic.CompilateurToVHDL R1000,
    refered by 2 classes :
      lilas.xml.DefCode R1000,
      lilas.logic.CompilateurToJava R1000,
    refering  9 classes :
      lilas.Main R1000,
      lilas.xml.DocumentXML R1,
      lilas.xml.DefSignal R1000,
      lilas.type.StdLogic R2,
      lilas.logic.parser.ParseException R0,
      lilas.logic.parser.Parser R0,
      lilas.logic.parser.SimpleNode R0,
      lilas.logic.parser.Token R0,
      lilas.logic.parser.TokenMgrError R0,
  lilas.logic.parser.ParseException R0,
    refered by 6 classes :
      lilas.logic.Compilateur R1000,
      lilas.xml.DefCode R1000,
      lilas.logic.CompilateurToJava R1000,
      lilas.logic.CompilateurToVHDL R1000,
      lilas.cmm.Compilateur R1000,
      lilas.xml.DefCodeCompilateur R1000,
    refering  0 classes :
  lilas.logic.parser.Parser R0,
    refered by 3 classes :
      lilas.logic.Compilateur R1000,
      lilas.logic.CompilateurToJava R1000,
      lilas.logic.CompilateurToVHDL R1000,
    refering  0 classes :
  lilas.logic.parser.SimpleNode R0,
    refered by 3 classes :
      lilas.logic.Compilateur R1000,
      lilas.logic.CompilateurToJava R1000,
      lilas.logic.CompilateurToVHDL R1000,
    refering  0 classes :
  lilas.logic.parser.Token R0,
    refered by 3 classes :
      lilas.logic.Compilateur R1000,
      lilas.logic.CompilateurToJava R1000,
      lilas.logic.CompilateurToVHDL R1000,
    refering  0 classes :
  lilas.logic.parser.TokenMgrError R0,
    refered by 3 classes :
      lilas.logic.Compilateur R1000,
      lilas.logic.CompilateurToJava R1000,
      lilas.logic.CompilateurToVHDL R1000,
    refering  0 classes :
  lilas.type.ArrayStdLogic R1000,
    refered by 2 classes :
      lilas.xml.DefModule R1000,
      lilas.base.ArrayLilas R1000,
    refering  6 classes :
      lilas.Main R1000,
      lilas.base.Port R1,
      lilas.awt.Assembleur R2,
      lilas.awt.MemoryDisplayable R0,
      lilas.xml.DefSignal R1000,
      lilas.type.StdLogic R2,
  lilas.type.StdLogic R2,
    refered by 23 classes :
      lilas.Parameter R1000,
      lilas.xml.DefModule R1000,
      lilas.base.Module R1000,
      lilas.base.Signal R1000,
      lilas.awt.treetable.EditorHistoricStandard R1000,
      lilas.xml.DefXML R1000,
      lilas.xml.DefSignal R1000,
      lilas.xml.DefModuleCall R1000,
      lilas.awt.ElementSVG R1000,
      lilas.type.ArrayStdLogic R1000,
      lilas.awt.TypeDrawStdLogic R3,
      lilas.awt.treetable.EditorStdLogic R1000,
      lilas.awt.Display R1000,
      lilas.awt.treetable.RendererStdLogic R1000,
      lilas.awt.treetable.SignalEditorRenderer R4,
      lilas.awt.treetable.MemoryTableEditorRenderer R1000,
      lilas.awt.treetable.TreeNode R1000,
      lilas.xml.DefSvgElement R1000,
      lilas.logic.Compilateur R1000,
      lilas.xml.DefCode R1000,
      lilas.logic.CompilateurToJava R1000,
      lilas.logic.CompilateurToVHDL R1000,
      lilas.cmm.Compilateur R1000,
    refering  2 classes :
      lilas.Main R1000,
      lilas.base.Port R1,
  lilas.util.Chronometer R0,
    refered by 6 classes :
      lilas.xml.DefModule R1000,
      lilas.base.Module R1000,
      lilas.base.SystemL R1,
      lilas.awt.Display R1000,
      lilas.xml.DefCode R1000,
      lilas.awt.BoutonPasAPas R1000,
    refering  0 classes :
  lilas.util.Cleaner R2,
    refered by 2 classes :
      lilas.Main R1000,
      lilas.xml.DefModule R1000,
    refering  1 classes :
      lilas.xml.DocumentXML R1,
  lilas.util.DatedObject R0,
    refered by 3 classes :
      lilas.awt.TypeDrawStandard R1,
      lilas.awt.Display R1000,
      lilas.awt.treetable.JTreeTable R1000,
    refering  0 classes :
  lilas.util.DatedObjectsList R1000,
    refered by 4 classes :
      lilas.base.Module R1000,
      lilas.base.Signal R1000,
      lilas.awt.Display R1000,
      lilas.awt.treetable.JTreeTable R1000,
    refering  1 classes :
      lilas.Main R1000,
  lilas.util.FenetreHTML R1000,
    refered by 1 classes :
      lilas.Main R1000,
    refering  3 classes :
      lilas.Main R1000,
      lilas.Parameter R1000,
      lilas.base.SystemL R1,
  lilas.util.HistoricValue R2,
    refered by 13 classes :
      lilas.awt.BoutonListeScripts R1000,
      lilas.base.Signal R1000,
      lilas.xml.DefSignal R1000,
      lilas.xml.DefModuleCall R1000,
      lilas.awt.treetable.EditorStandard R1000,
      lilas.awt.treetable.RendererHistoricStandard R1000,
      lilas.awt.Display R1000,
      lilas.awt.treetable.JTreeTable R1000,
      lilas.awt.treetable.RendererStandard R1000,
      lilas.awt.treetable.RendererStdLogic R1000,
      lilas.xml.DefSvgElement R1000,
      lilas.awt.BoutonSnapshot R1000,
      lilas.awt.BoutonPasAPas R1000,
    refering  2 classes :
      lilas.Main R1000,
      lilas.awt.TypeDrawStandard R1,
  lilas.util.JarBib R1000,
    refered by 1 classes :
      lilas.Main R1000,
    refering  6 classes :
      lilas.Main R1000,
      lilas.base.ExceptionLilas R1000,
      lilas.Parameter R1000,
      lilas.xml.DefModule R1000,
      lilas.util.compiler.CompilateurJavaDynamique R1000,
      lilas.xml.LilasTo R1000,
  lilas.util.LilasPath R1000,
    refered by 6 classes :
      lilas.Main R1000,
      lilas.Parameter R1000,
      lilas.awt.tree.MainFrame R1000,
      lilas.xml.LilasTo R1000,
      lilas.awt.BoutonSnapshot R1000,
      lilas.edit.Main R1000,
    refering  3 classes :
      lilas.Main R1000,
      lilas.xml.DefModule R1000,
      lilas.xml.DocumentXML R1,
  lilas.util.LogFormatter R1,
    refered by 2 classes :
      lilas.Main R1000,
      lilas.Parameter R1000,
    refering  1 classes :
      lilas.base.InternationalMessage R0,
  lilas.util.SnapShotSVG R0,
    refered by 3 classes :
      lilas.base.Module R1000,
      lilas.awt.BoutonSnapshot R1000,
      lilas.awt.BoutonPasAPas R1000,
    refering  0 classes :
  lilas.util.VectorError R1000,
    refered by 17 classes :
      lilas.Main R1000,
      lilas.awt.BoutonListeScripts R1000,
      lilas.xml.DefModule R1000,
      lilas.awt.ImageSVG R1000,
      lilas.awt.MemoryDisplay R1000,
      lilas.awt.DisplayScrollBar R1000,
      lilas.xml.DefAWT R1000,
      lilas.awt.Panel R1000,
      lilas.awt.Display R1000,
      lilas.xml.DefSvgElement R1000,
      lilas.logic.Compilateur R1000,
      lilas.xml.DefCode R1000,
      lilas.cmm.Compilateur R1000,
      lilas.xml.DefCodeCompilateur R1000,
      lilas.xml.LilasTo R1000,
      lilas.awt.BoutonSnapshot R1000,
      lilas.awt.BoutonPasAPas R1000,
    refering  3 classes :
      lilas.base.InternationalMessage R0,
      lilas.xml.DocumentXML R1,
      lilas.xml.DefXML R1000,
  lilas.util.compiler.CompilateurJavaDynamique R1000,
    refered by 3 classes :
      lilas.Main R1000,
      lilas.xml.DefModule R1000,
      lilas.util.JarBib R1000,
    refering  1 classes :
      lilas.Main R1000,
  lilas.util.compiler.DynamicJavaSourceCodeObject R1000,
    refered by 1 classes :
      lilas.xml.DefModule R1000,
    refering  1 classes :
      lilas.Main R1000,
  lilas.xml.DefAWT R1000,
    refered by 8 classes :
      lilas.awt.BoutonListeScripts R1000,
      lilas.awt.ImageSVG R1000,
      lilas.awt.CmdDisplay R1000,
      lilas.awt.MemoryDisplay R1000,
      lilas.awt.DisplayScrollBar R1000,
      lilas.awt.Display R1000,
      lilas.awt.BoutonSnapshot R1000,
      lilas.awt.BoutonPasAPas R1000,
    refering  4 classes :
      lilas.Main R1000,
      lilas.base.InternationalMessage R0,
      lilas.util.VectorError R1000,
      lilas.awt.Panel R1000,
  lilas.xml.DefCode R1000,
    refered by 1 classes :
      lilas.logic.Compilateur R1000,
    refering  9 classes :
      lilas.Main R1000,
      lilas.base.InternationalMessage R0,
      lilas.util.Chronometer R0,
      lilas.util.VectorError R1000,
      lilas.type.StdLogic R2,
      lilas.logic.parser.ParseException R0,
      lilas.logic.CompilateurToJava R1000,
      lilas.logic.CompilateurToVHDL R1000,
      lilas.cmm.Compilateur R1000,
  lilas.xml.DefCodeCompilateur R1000,
    refered by 2 classes :
      lilas.logic.Compilateur R1000,
      lilas.cmm.Compilateur R1000,
    refering  2 classes :
      lilas.util.VectorError R1000,
      lilas.logic.parser.ParseException R0,
  lilas.xml.DefModule R1000,
    refered by 9 classes :
      lilas.Main R1000,
      lilas.awt.BoutonListeScripts R1000,
      lilas.base.ExceptionLilas R1000,
      lilas.awt.tree.MainFrame R1000,
      lilas.util.LilasPath R1000,
      lilas.util.JarBib R1000,
      lilas.awt.BoutonSnapshot R1000,
      lilas.awt.BoutonPasAPas R1000,
      lilas.edit.Main R1000,
    refering  24 classes :
      lilas.Main R1000,
      lilas.base.InternationalMessage R0,
      lilas.base.Port R1,
      lilas.base.Sensibility R0,
      lilas.awt.Assembleur R2,
      lilas.awt.ImageSVG R1000,
      lilas.base.Module R1000,
      lilas.base.ModuleExternalEvent R1000,
      lilas.base.Signal R1000,
      lilas.base.SystemL R1,
      lilas.util.Chronometer R0,
      lilas.util.VectorError R1000,
      lilas.edit.Plot R1000,
      lilas.edit.Editeur R1000,
      lilas.edit.ModuleImageSVG R0,
      lilas.edit.ModuleSVG R1000,
      lilas.awt.ElementSVG R1000,
      lilas.type.StdLogic R2,
      lilas.type.ArrayStdLogic R1000,
      lilas.util.Cleaner R2,
      lilas.util.compiler.CompilateurJavaDynamique R1000,
      lilas.util.compiler.DynamicJavaSourceCodeObject R1000,
      lilas.logic.Compilateur R1000,
      lilas.base.Coroutine R0,
  lilas.xml.DefModuleCall R1000,
    refered by 1 classes :
      lilas.edit.Plot R1000,
    refering  8 classes :
      lilas.Main R1000,
      lilas.base.Port R1,
      lilas.edit.Editeur R1000,
      lilas.edit.ListeSignaux R0,
      lilas.edit.ModuleImageSVG R0,
      lilas.edit.ModuleSVG R1000,
      lilas.type.StdLogic R2,
      lilas.util.HistoricValue R2,
  lilas.xml.DefSignal R1000,
    refered by 9 classes :
      lilas.Main R1000,
      lilas.awt.tree.MainFrame R1000,
      lilas.awt.MemoryDisplay R1000,
      lilas.base.ArrayLilas R1000,
      lilas.type.ArrayStdLogic R1000,
      lilas.logic.Compilateur R1000,
      lilas.logic.CompilateurToJava R1000,
      lilas.logic.CompilateurToVHDL R1000,
      lilas.cmm.Compilateur R1000,
    refering  6 classes :
      lilas.Main R1000,
      lilas.base.InternationalMessage R0,
      lilas.base.Port R1,
      lilas.edit.Plot R1000,
      lilas.type.StdLogic R2,
      lilas.util.HistoricValue R2,
  lilas.xml.DefSvgElement R1000,
    refered by 1 classes :
      lilas.awt.ImageSVG R1000,
    refering  6 classes :
      lilas.base.InternationalMessage R0,
      lilas.base.Module R1000,
      lilas.base.Signal R1000,
      lilas.util.VectorError R1000,
      lilas.type.StdLogic R2,
      lilas.util.HistoricValue R2,
  lilas.xml.DefXML R1000,
    refered by 4 classes :
      lilas.base.ExceptionLilas R1000,
      lilas.awt.MemoryDisplay R1000,
      lilas.util.VectorError R1000,
      lilas.awt.Panel R1000,
    refering  6 classes :
      lilas.Main R1000,
      lilas.base.InternationalMessage R0,
      lilas.base.Port R1,
      lilas.awt.MemoryDisplayable R0,
      lilas.base.ArrayLilas R1000,
      lilas.type.StdLogic R2,
  lilas.xml.DocumentXML R1,
    refered by 18 classes :
      lilas.Main R1000,
      lilas.Parameter R1000,
      lilas.util.LilasPath R1000,
      lilas.awt.Assembleur R2,
      lilas.awt.ImageSVG R1000,
      lilas.base.Module R1000,
      lilas.util.VectorError R1000,
      lilas.base.ArrayLilas R1000,
      lilas.edit.Editeur R1000,
      lilas.edit.ModuleSVG R1000,
      lilas.awt.ElementSVG R1000,
      lilas.awt.Panel R1000,
      lilas.util.Cleaner R2,
      lilas.logic.Compilateur R1000,
      lilas.logic.CompilateurToJava R1000,
      lilas.logic.CompilateurToVHDL R1000,
      lilas.cmm.Compilateur R1000,
      lilas.edit.Main R1000,
    refering  2 classes :
      lilas.Main R1000,
      lilas.base.InternationalMessage R0,
  lilas.xml.LilasTo R1000,
    refered by 2 classes :
      lilas.Main R1000,
      lilas.util.JarBib R1000,
    refering  7 classes :
      lilas.Main R1000,
      lilas.base.ExceptionLilas R1000,
      lilas.Parameter R1000,
      lilas.base.InternationalMessage R0,
      lilas.util.LilasPath R1000,
      lilas.base.Module R1000,
      lilas.util.VectorError R1000,
  lilas.xml.LocationData R1000,
    refered by 1 classes :
      lilas.base.ExceptionLilas R1000,
    refering  2 classes :
      lilas.Parameter R1000,
      lilas.base.InternationalMessage R0,
